\BOOKMARK [0][-]{chapter.1}{Introdu\347\343o}{}% 1
\BOOKMARK [1][-]{section.1.1}{Contextualiza\347\343o}{chapter.1}% 2
\BOOKMARK [1][-]{section.1.2}{Motiva\347\343o e Justificativa}{chapter.1}% 3
\BOOKMARK [1][-]{section.1.3}{Objetivos}{chapter.1}% 4
\BOOKMARK [1][-]{section.1.4}{Metodologia de Desenvolvimento}{chapter.1}% 5
\BOOKMARK [1][-]{section.1.5}{Organiza\347\343o do texto}{chapter.1}% 6
\BOOKMARK [0][-]{chapter.2}{Fundamenta\347\343o Te\363rica}{}% 7
\BOOKMARK [1][-]{section.2.1}{Considera\347\365es Iniciais}{chapter.2}% 8
\BOOKMARK [1][-]{section.2.2}{Linha de Produto de Software}{chapter.2}% 9
\BOOKMARK [1][-]{section.2.3}{Experimentos e Quasi-Experimento em Engenharia de Software}{chapter.2}% 10
\BOOKMARK [1][-]{section.2.4}{Qualidade de Experimentos em Engenharia de Software}{chapter.2}% 11
\BOOKMARK [1][-]{section.2.5}{Ontologia}{chapter.2}% 12
\BOOKMARK [1][-]{section.2.6}{Trabalhos Relacionados}{chapter.2}% 13
\BOOKMARK [1][-]{section.2.7}{Considera\347\365es Finais}{chapter.2}% 14
\BOOKMARK [0][-]{chapter.3}{Uma Ontologia para Experimentos em LPS - OntoExper-LPS}{}% 15
\BOOKMARK [1][-]{section.3.1}{Considera\347\365es Iniciais}{chapter.3}% 16
\BOOKMARK [1][-]{section.3.2}{Concep\347\343o}{chapter.3}% 17
\BOOKMARK [1][-]{section.3.3}{Projeto}{chapter.3}% 18
\BOOKMARK [2][-]{subsection.3.3.1}{Modelagem com Prot\351g\351}{section.3.3}% 19
\BOOKMARK [2][-]{subsection.3.3.2}{Povoamento com Python}{section.3.3}% 20
\BOOKMARK [1][-]{section.3.4}{Exemplo de Aplica\347\343o}{chapter.3}% 21
\BOOKMARK [1][-]{section.3.5}{Avalia\347\343o Emp\355rica}{chapter.3}% 22
\BOOKMARK [1][-]{section.3.6}{Considera\347\365es Finais}{chapter.3}% 23
\BOOKMARK [0][-]{chapter.4}{Avalia\347\343o da OntoExer-LPS: Um estudo Quantitativo}{}% 24
\BOOKMARK [1][-]{section.4.1}{Considera\347\365es Iniciais}{chapter.4}% 25
\BOOKMARK [1][-]{section.4.2}{Escala Likert}{chapter.4}% 26
\BOOKMARK [1][-]{section.4.3}{Defini\347\343o do Estudo}{chapter.4}% 27
\BOOKMARK [1][-]{section.4.4}{Planejamento do Estudo}{chapter.4}% 28
\BOOKMARK [1][-]{section.4.5}{Execu\347\343o do Estudo}{chapter.4}% 29
\BOOKMARK [1][-]{section.4.6}{An\341lise dos Resultados}{chapter.4}% 30
\BOOKMARK [2][-]{subsection.4.6.1}{Perfil dos Especialistas}{section.4.6}% 31
\BOOKMARK [2][-]{subsection.4.6.2}{Frequ\352ncia Likert}{section.4.6}% 32
\BOOKMARK [2][-]{subsection.4.6.3}{Teste de Normalidade}{section.4.6}% 33
\BOOKMARK [2][-]{subsection.4.6.4}{Teste Estat\355stico}{section.4.6}% 34
\BOOKMARK [2][-]{subsection.4.6.5}{Correla\347\343o dos Crit\351rios}{section.4.6}% 35
\BOOKMARK [1][-]{section.4.7}{Discuss\343o dos Resultados}{chapter.4}% 36
\BOOKMARK [1][-]{section.4.8}{Amea\347as \340 Validade}{chapter.4}% 37
\BOOKMARK [2][-]{subsection.4.8.1}{Amea\347as \340 Validade Interna}{section.4.8}% 38
\BOOKMARK [2][-]{subsection.4.8.2}{Amea\347as \340 Validade Externa}{section.4.8}% 39
\BOOKMARK [2][-]{subsection.4.8.3}{Amea\347as \340 Validade de Constructo}{section.4.8}% 40
\BOOKMARK [2][-]{subsection.4.8.4}{Amea\347as \340 Validade de Conclus\343o}{section.4.8}% 41
\BOOKMARK [1][-]{section.4.9}{Empacotamento e Compartilhamento}{chapter.4}% 42
\BOOKMARK [1][-]{section.4.10}{Propostas de Melhorias}{chapter.4}% 43
\BOOKMARK [2][-]{subsection.4.10.1}{Melhorias apontada pelos especialistas}{section.4.10}% 44
\BOOKMARK [2][-]{subsection.4.10.2}{Melhorias do OOPS! - Armadilhas}{section.4.10}% 45
\BOOKMARK [1][-]{section.4.11}{Considera\347\365es Finais}{chapter.4}% 46
\BOOKMARK [0][-]{chapter.5}{Um Sistema de Recomenda\347\343o para Experimentos em LPS \(Prova de Conceito\) - RecSysExper-SPL}{}% 47
\BOOKMARK [1][-]{section.5.1}{Considera\347\365es Iniciais}{chapter.5}% 48
\BOOKMARK [1][-]{section.5.2}{Sistema de Recomenda\347\343o}{chapter.5}% 49
\BOOKMARK [2][-]{subsection.5.2.1}{Collaborative Filtering}{section.5.2}% 50
\BOOKMARK [2][-]{subsection.5.2.2}{Sistema de Recomenda\347\343o em Engenharia de Software}{section.5.2}% 51
\BOOKMARK [1][-]{section.5.3}{Concep\347\343o}{chapter.5}% 52
\BOOKMARK [1][-]{section.5.4}{Projeto}{chapter.5}% 53
\BOOKMARK [2][-]{subsection.5.4.1}{Fase 1: O Projeto de SR Usando Django Framework}{section.5.4}% 54
\BOOKMARK [2][-]{subsection.5.4.2}{Fase 2: Carregamento da OntoExper-LPS no SR}{section.5.4}% 55
\BOOKMARK [2][-]{subsection.5.4.3}{Fase 3: Ratings dos Usu\341rios no SR}{section.5.4}% 56
\BOOKMARK [2][-]{subsection.5.4.4}{Fase 4: Modelagem de Recomenda\347\343o, Um Algoritmo para Filtragem Colaborativa}{section.5.4}% 57
\BOOKMARK [1][-]{section.5.5}{Banco de Dados}{chapter.5}% 58
\BOOKMARK [1][-]{section.5.6}{Ambiente de Desenvolvimento}{chapter.5}% 59
\BOOKMARK [1][-]{section.5.7}{Empacotamento e Compartilhamento}{chapter.5}% 60
\BOOKMARK [1][-]{section.5.8}{Considera\347\365es Finais}{chapter.5}% 61
\BOOKMARK [0][-]{chapter.6}{Conclus\343o}{}% 62
\BOOKMARK [1][-]{section.6.1}{Contribui\347\365es}{chapter.6}% 63
\BOOKMARK [1][-]{section.6.2}{Limita\347\365es}{chapter.6}% 64
\BOOKMARK [1][-]{section.6.3}{Trabalhos Futuros}{chapter.6}% 65
\BOOKMARK [0][-]{chapter*.1}{REFER\312NCIAS}{}% 66
\BOOKMARK [0][-]{section*.2}{Ap\352ndice A: Tipologias para Ontologias}{}% 67
\BOOKMARK [1][-]{section.A.1}{Quanto \340 fun\347\343o Mizoguchi; Vanwelkenbuyse n; Ikeda \(1995\)}{section*.2}% 68
\BOOKMARK [1][-]{section.A.2}{Quanto ao grau de formalismo Uschold; Gruninger \(1996\)}{section*.2}% 69
\BOOKMARK [1][-]{section.A.3}{Quanto \340 aplica\347\343o Jasper; Uschold \(1999\)}{section*.2}% 70
\BOOKMARK [1][-]{section.A.4}{Quanto \340 estrutura Haav; Lubi \(2001\)}{section*.2}% 71
\BOOKMARK [1][-]{section.A.5}{Quanto ao conte\372do Van-Heijist; Schreiber; Wielinga \(2002\)}{section*.2}% 72
\BOOKMARK [0][-]{section*.3}{Ap\352ndice A: C\363digo Fonte do Modelo da SMartOntology}{}% 73
\BOOKMARK [1][-]{section.B.1}{Sa\355da Da Op\347\343o time-flags com os Breakpoints .dijkstra e .main}{section*.3}% 74
\BOOKMARK [0][-]{section*.4}{Ap\352ndice B: C\363digo Fonte do Povoamento de Dados no Modelo SMartOntology}{}% 75
\BOOKMARK [0][-]{section*.5}{Ap\352ndice C: Question\341rio de Avalia\347\343o e Respostas Aplicado \340 SMartOntology}{}% 76
\BOOKMARK [0][-]{section*.6}{Ap\352ndice D: C\363digo Fonte dos Exemplos de Aplica\347\343o de Recomenda\347\343o Usando SMartOntology }{}% 77
