This is pdfTeX, Version 3.14159265-2.6-1.40.18 (TeX Live 2017/Debian) (preloaded format=pdflatex 2019.7.15)  5 DEC 2019 12:47
entering extended mode
 restricted \write18 enabled.
 file:line:error style messages enabled.
 %&-line parsing enabled.
**/home/henrique/Dropbox/UEM-Mestrado/Pesquisa/Vignando-Dissertacao-2019/main.tex
(/home/henrique/Dropbox/UEM-Mestrado/Pesquisa/Vignando-Dissertacao-2019/main.tex
LaTeX2e <2017-04-15>
Babel <3.18> and hyphenation patterns for 84 language(s) loaded.
(/home/henrique/Dropbox/UEM-Mestrado/Pesquisa/Vignando-Dissertacao-2019/icmc.cls
Document Class: icmc 2000/12/07 v1.0a ICMC document class
(/usr/share/texlive/texmf-dist/tex/latex/base/bk12.clo
File: bk12.clo 2014/09/29 v1.4h Standard LaTeX file (size option)
)
\c@part=\count79
\c@chapter=\count80
\c@section=\count81
\c@subsection=\count82
\c@subsubsection=\count83
\c@paragraph=\count84
\c@subparagraph=\count85
\c@figure=\count86
\c@table=\count87
\abovecaptionskip=\skip41
\belowcaptionskip=\skip42
\bibindent=\dimen102
 (/home/henrique/Dropbox/UEM-Mestrado/Pesquisa/Vignando-Dissertacao-2019/caption.sty
Package: caption 1995/04/05 v1.4b caption package (HS)

Package: caption v1.4b <1995/04/05> (Harald Sommerfeldt)
\captionmargin=\skip43
\as@captionbox=\box26
\as@captionwidth=\skip44
) (/home/henrique/Dropbox/UEM-Mestrado/Pesquisa/Vignando-Dissertacao-2019/titlesec.sty
Package: titlesec 1999/08/04 v2.1.1 Sectioning titles
) (/home/henrique/Dropbox/UEM-Mestrado/Pesquisa/Vignando-Dissertacao-2019/fancyhdr.sty
\headwidth=\dimen103
) (/home/henrique/Dropbox/UEM-Mestrado/Pesquisa/Vignando-Dissertacao-2019/float.sty
Package: float 2001/11/08 v1.3d Float enhancements (AL)
\c@float@type=\count88
\float@exts=\toks14
\float@box=\box27
\@float@everytoks=\toks15
\@floatcapt=\box28
)) (/usr/share/texlive/texmf-dist/tex/latex/hyperref/hyperref.sty
Package: hyperref 2018/02/06 v6.86b Hypertext links for LaTeX
 (/usr/share/texlive/texmf-dist/tex/generic/oberdiek/hobsub-hyperref.sty
Package: hobsub-hyperref 2016/05/16 v1.14 Bundle oberdiek, subset hyperref (HO)
 (/usr/share/texlive/texmf-dist/tex/generic/oberdiek/hobsub-generic.sty
Package: hobsub-generic 2016/05/16 v1.14 Bundle oberdiek, subset generic (HO)
Package: hobsub 2016/05/16 v1.14 Construct package bundles (HO)
Package: infwarerr 2016/05/16 v1.4 Providing info/warning/error messages (HO)
Package: ltxcmds 2016/05/16 v1.23 LaTeX kernel commands for general use (HO)
Package: ifluatex 2016/05/16 v1.4 Provides the ifluatex switch (HO)
Package ifluatex Info: LuaTeX not detected.
Package: ifvtex 2016/05/16 v1.6 Detect VTeX and its facilities (HO)
Package ifvtex Info: VTeX not detected.
Package: intcalc 2016/05/16 v1.2 Expandable calculations with integers (HO)
Package: ifpdf 2017/03/15 v3.2 Provides the ifpdf switch
Package: etexcmds 2016/05/16 v1.6 Avoid name clashes with e-TeX commands (HO)
Package etexcmds Info: Could not find \expanded.
(etexcmds)             That can mean that you are not using pdfTeX 1.50 or
(etexcmds)             that some package has redefined \expanded.
(etexcmds)             In the latter case, load this package earlier.
Package: kvsetkeys 2016/05/16 v1.17 Key value parser (HO)
Package: kvdefinekeys 2016/05/16 v1.4 Define keys (HO)
Package: pdftexcmds 2018/01/21 v0.26 Utility functions of pdfTeX for LuaTeX (HO)
Package pdftexcmds Info: LuaTeX not detected.
Package pdftexcmds Info: \pdf@primitive is available.
Package pdftexcmds Info: \pdf@ifprimitive is available.
Package pdftexcmds Info: \pdfdraftmode found.
Package: pdfescape 2016/05/16 v1.14 Implements pdfTeX's escape features (HO)
Package: bigintcalc 2016/05/16 v1.4 Expandable calculations on big integers (HO)
Package: bitset 2016/05/16 v1.2 Handle bit-vector datatype (HO)
Package: uniquecounter 2016/05/16 v1.3 Provide unlimited unique counter (HO)
)
Package hobsub Info: Skipping package `hobsub' (already loaded).
Package: letltxmacro 2016/05/16 v1.5 Let assignment for LaTeX macros (HO)
Package: hopatch 2016/05/16 v1.3 Wrapper for package hooks (HO)
Package: xcolor-patch 2016/05/16 xcolor patch
Package: atveryend 2016/05/16 v1.9 Hooks at the very end of document (HO)
Package atveryend Info: \enddocument detected (standard20110627).
Package: atbegshi 2016/06/09 v1.18 At begin shipout hook (HO)
Package: refcount 2016/05/16 v3.5 Data extraction from label references (HO)
Package: hycolor 2016/05/16 v1.8 Color options for hyperref/bookmark (HO)
) (/usr/share/texlive/texmf-dist/tex/latex/graphics/keyval.sty
Package: keyval 2014/10/28 v1.15 key=value parser (DPC)
\KV@toks@=\toks16
) (/usr/share/texlive/texmf-dist/tex/generic/ifxetex/ifxetex.sty
Package: ifxetex 2010/09/12 v0.6 Provides ifxetex conditional
) (/usr/share/texlive/texmf-dist/tex/latex/oberdiek/auxhook.sty
Package: auxhook 2016/05/16 v1.4 Hooks for auxiliary files (HO)
) (/usr/share/texlive/texmf-dist/tex/latex/oberdiek/kvoptions.sty
Package: kvoptions 2016/05/16 v3.12 Key value format for package options (HO)
)
\@linkdim=\dimen104
\Hy@linkcounter=\count89
\Hy@pagecounter=\count90
 (/usr/share/texlive/texmf-dist/tex/latex/hyperref/pd1enc.def
File: pd1enc.def 2018/02/06 v6.86b Hyperref: PDFDocEncoding definition (HO)
)
\Hy@SavedSpaceFactor=\count91
 (/usr/share/texlive/texmf-dist/tex/latex/latexconfig/hyperref.cfg
File: hyperref.cfg 2002/06/06 v1.2 hyperref configuration of TeXLive
)
Package hyperref Info: Hyper figures OFF on input line 4509.
Package hyperref Info: Link nesting OFF on input line 4514.
Package hyperref Info: Hyper index ON on input line 4517.
Package hyperref Info: Plain pages OFF on input line 4524.
Package hyperref Info: Backreferencing OFF on input line 4529.
Package hyperref Info: Implicit mode ON; LaTeX internals redefined.
Package hyperref Info: Bookmarks ON on input line 4762.
\c@Hy@tempcnt=\count92
 (/usr/share/texlive/texmf-dist/tex/latex/url/url.sty
\Urlmuskip=\muskip10
Package: url 2013/09/16  ver 3.4  Verb mode for urls, etc.
)
LaTeX Info: Redefining \url on input line 5115.
\XeTeXLinkMargin=\dimen105
\Fld@menulength=\count93
\Field@Width=\dimen106
\Fld@charsize=\dimen107
Package hyperref Info: Hyper figures OFF on input line 6369.
Package hyperref Info: Link nesting OFF on input line 6374.
Package hyperref Info: Hyper index ON on input line 6377.
Package hyperref Info: backreferencing OFF on input line 6384.
Package hyperref Info: Link coloring OFF on input line 6389.
Package hyperref Info: Link coloring with OCG OFF on input line 6394.
Package hyperref Info: PDF/A mode OFF on input line 6399.
LaTeX Info: Redefining \ref on input line 6439.
LaTeX Info: Redefining \pageref on input line 6443.
\Hy@abspage=\count94
\c@Item=\count95
\c@Hfootnote=\count96
)
Package hyperref Info: Driver (autodetected): hpdftex.
 (/usr/share/texlive/texmf-dist/tex/latex/hyperref/hpdftex.def
File: hpdftex.def 2018/02/06 v6.86b Hyperref driver for pdfTeX
\Fld@listcount=\count97
\c@bookmark@seq@number=\count98
 (/usr/share/texlive/texmf-dist/tex/latex/oberdiek/rerunfilecheck.sty
Package: rerunfilecheck 2016/05/16 v1.8 Rerun checks for auxiliary files (HO)
Package uniquecounter Info: New unique counter `rerunfilecheck' on input line 282.
)
\Hy@SectionHShift=\skip45
)
Package hyperref Info: Option `colorlinks' set `true' on input line 14.
 (/usr/share/texlive/texmf-dist/tex/latex/listings/listings.sty
\lst@mode=\count99
\lst@gtempboxa=\box29
\lst@token=\toks17
\lst@length=\count100
\lst@currlwidth=\dimen108
\lst@column=\count101
\lst@pos=\count102
\lst@lostspace=\dimen109
\lst@width=\dimen110
\lst@newlines=\count103
\lst@lineno=\count104
\lst@maxwidth=\dimen111
 (/usr/share/texlive/texmf-dist/tex/latex/listings/lstmisc.sty
File: lstmisc.sty 2015/06/04 1.6 (Carsten Heinz)
\c@lstnumber=\count105
\lst@skipnumbers=\count106
\lst@framebox=\box30
) (/usr/share/texlive/texmf-dist/tex/latex/listings/listings.cfg
File: listings.cfg 2015/06/04 1.6 listings configuration
))
Package: listings 2015/06/04 1.6 (Carsten Heinz)
 (/usr/share/texlive/texmf-dist/tex/latex/pdfpages/pdfpages.sty
Package: pdfpages 2017/10/31 v0.5l Insert pages of external PDF documents (AM)
 (/usr/share/texlive/texmf-dist/tex/latex/base/ifthen.sty
Package: ifthen 2014/09/29 v1.1c Standard LaTeX ifthen package (DPC)
) (/usr/share/texlive/texmf-dist/tex/latex/tools/calc.sty
Package: calc 2014/10/28 v4.3 Infix arithmetic (KKT,FJ)
\calc@Acount=\count107
\calc@Bcount=\count108
\calc@Adimen=\dimen112
\calc@Bdimen=\dimen113
\calc@Askip=\skip46
\calc@Bskip=\skip47
LaTeX Info: Redefining \setlength on input line 80.
LaTeX Info: Redefining \addtolength on input line 81.
\calc@Ccount=\count109
\calc@Cskip=\skip48
) (/usr/share/texlive/texmf-dist/tex/latex/eso-pic/eso-pic.sty
Package: eso-pic 2015/07/21 v2.0g eso-pic (RN)
 (/usr/share/texlive/texmf-dist/tex/latex/xcolor/xcolor.sty
Package: xcolor 2016/05/11 v2.12 LaTeX color extensions (UK)
 (/usr/share/texlive/texmf-dist/tex/latex/graphics-cfg/color.cfg
File: color.cfg 2016/01/02 v1.6 sample color configuration
)
Package xcolor Info: Driver file: pdftex.def on input line 225.
 (/usr/share/texlive/texmf-dist/tex/latex/graphics-def/pdftex.def
File: pdftex.def 2018/01/08 v1.0l Graphics/color driver for pdftex
)
Package xcolor Info: Model `cmy' substituted by `cmy0' on input line 1348.
Package xcolor Info: Model `hsb' substituted by `rgb' on input line 1352.
Package xcolor Info: Model `RGB' extended on input line 1364.
Package xcolor Info: Model `HTML' substituted by `rgb' on input line 1366.
Package xcolor Info: Model `Hsb' substituted by `hsb' on input line 1367.
Package xcolor Info: Model `tHsb' substituted by `hsb' on input line 1368.
Package xcolor Info: Model `HSB' substituted by `hsb' on input line 1369.
Package xcolor Info: Model `Gray' substituted by `gray' on input line 1370.
Package xcolor Info: Model `wave' substituted by `hsb' on input line 1371.
)) (/usr/share/texlive/texmf-dist/tex/latex/graphics/graphicx.sty
Package: graphicx 2017/06/01 v1.1a Enhanced LaTeX Graphics (DPC,SPQR)
 (/usr/share/texlive/texmf-dist/tex/latex/graphics/graphics.sty
Package: graphics 2017/06/25 v1.2c Standard LaTeX Graphics (DPC,SPQR)
 (/usr/share/texlive/texmf-dist/tex/latex/graphics/trig.sty
Package: trig 2016/01/03 v1.10 sin cos tan (DPC)
) (/usr/share/texlive/texmf-dist/tex/latex/graphics-cfg/graphics.cfg
File: graphics.cfg 2016/06/04 v1.11 sample graphics configuration
)
Package graphics Info: Driver file: pdftex.def on input line 99.
)
\Gin@req@height=\dimen114
\Gin@req@width=\dimen115
)
\AM@pagewidth=\dimen116
\AM@pageheight=\dimen117
 (/usr/share/texlive/texmf-dist/tex/latex/pdfpages/pppdftex.def
File: pppdftex.def 2017/10/31 v0.5l Pdfpages driver for pdfTeX (AM)
)
\AM@pagebox=\box31
\AM@global@opts=\toks18
\AM@toc@title=\toks19
\c@AM@survey=\count110
\AM@templatesizebox=\box32
) (/usr/share/texlive/texmf-dist/tex/generic/babel/babel.sty
Package: babel 2018/02/14 3.18 The Babel package
 (/usr/share/texlive/texmf-dist/tex/generic/babel/switch.def
File: switch.def 2018/02/14 3.18 Babel switching mechanism
) (/usr/share/texlive/texmf-dist/tex/generic/babel-portuges/portuges.ldf
Language: portuges 2008/03/18 v1.2q Portuguese support from the babel system
 (/usr/share/texlive/texmf-dist/tex/generic/babel/babel.def
File: babel.def 2018/02/14 3.18 Babel common definitions
\babel@savecnt=\count111
\U@D=\dimen118
 (/usr/share/texlive/texmf-dist/tex/generic/babel/txtbabel.def)
\bbl@dirlevel=\count112
)
\l@brazil = a dialect from \language\l@portuges 
Package babel Info: Making " an active character on input line 145.
)) (/usr/share/texlive/texmf-dist/tex/latex/base/inputenc.sty
Package: inputenc 2015/03/17 v1.2c Input encoding file
\inpenc@prehook=\toks20
\inpenc@posthook=\toks21
 (/usr/share/texlive/texmf-dist/tex/latex/base/latin1.def
File: latin1.def 2015/03/17 v1.2c Input encoding file
)) (/home/henrique/Dropbox/UEM-Mestrado/Pesquisa/Vignando-Dissertacao-2019/multirow.sty
\bigstrutjot=\dimen119
)
\c@defi=\count113
\c@propri=\count114
\c@conce=\count115
\c@propo=\count116
 (/home/henrique/Dropbox/UEM-Mestrado/Pesquisa/Vignando-Dissertacao-2019/algorithm.sty
Package: algorithm 2009/08/24 v0.1 Document Style `algorithm' - floating environment
\@float@every@algorithm=\toks22
\c@algorithm=\count117
) (/home/henrique/Dropbox/UEM-Mestrado/Pesquisa/Vignando-Dissertacao-2019/clrscode3e.sty
Package: clrscode3e 
\c@codelinenumber=\count118
\c@indent=\count119
\digitwidth=\skip49
\savecode=\box33
\codeboxwidth=\skip50
\c@thisindent=\count120
) (/usr/share/texlive/texmf-dist/tex/latex/graphics/lscape.sty
Package: lscape 2000/10/22 v3.01 Landscape Pages (DPC)
) (/usr/share/texlive/texmf-dist/tex/latex/appendix/appendix.sty
Package: appendix 2009/09/02 v1.2b extra appendix facilities
\c@@pps=\count121
\c@@ppsavesec=\count122
\c@@ppsaveapp=\count123
) (/home/henrique/Dropbox/UEM-Mestrado/Pesquisa/Vignando-Dissertacao-2019/isoaccent.sty
Document Style Option `isoaccent' -- Released 12 April 1994
) (/usr/share/texlive/texmf-dist/tex/latex/setspace/setspace.sty
Package: setspace 2011/12/19 v6.7a set line spacing
) (/usr/share/texlive/texmf-dist/tex/latex/tools/longtable.sty
Package: longtable 2014/10/28 v4.11 Multi-page Table package (DPC)
\LTleft=\skip51
\LTright=\skip52
\LTpre=\skip53
\LTpost=\skip54
\LTchunksize=\count124
\LTcapwidth=\dimen120
\LT@head=\box34
\LT@firsthead=\box35
\LT@foot=\box36
\LT@lastfoot=\box37
\LT@cols=\count125
\LT@rows=\count126
\c@LT@tables=\count127
\c@LT@chunks=\count128
\LT@p@ftn=\toks23
) (/usr/share/texlive/texmf-dist/tex/latex/tocbibind/tocbibind.sty
Package: tocbibind 2010/10/13 v1.5k extra ToC listings
Package tocbibind Info: The document has chapter divisions on input line 50.


Package tocbibind Note: Using chapter style headings, unless overridden.

) (/usr/share/texlive/texmf-dist/tex/latex/oberdiek/epstopdf.sty
Package: epstopdf 2016/05/15 v2.6 Conversion with epstopdf on the fly (HO)
 (/usr/share/texlive/texmf-dist/tex/latex/oberdiek/epstopdf-base.sty
Package: epstopdf-base 2016/05/15 v2.6 Base part for package epstopdf
 (/usr/share/texlive/texmf-dist/tex/latex/oberdiek/grfext.sty
Package: grfext 2016/05/16 v1.2 Manage graphics extensions (HO)
)
Package epstopdf-base Info: Redefining graphics rule for `.eps' on input line 438.
Package grfext Info: Graphics extension search list:
(grfext)             [.pdf,.png,.jpg,.mps,.jpeg,.jbig2,.jb2,.PDF,.PNG,.JPG,.JPEG,.JBIG2,.JB2,.eps]
(grfext)             \AppendGraphicsExtensions on input line 456.
 (/usr/share/texlive/texmf-dist/tex/latex/latexconfig/epstopdf-sys.cfg
File: epstopdf-sys.cfg 2010/07/13 v1.3 Configuration of (r)epstopdf for TeX Live
))) (/home/henrique/Dropbox/UEM-Mestrado/Pesquisa/Vignando-Dissertacao-2019/subfigure.sty
Package: subfigure 1995/03/06 v2.0 subfigure package

Package: subfigure 1995/03/06 v2.0
\c@subfigure=\count129
\c@lofdepth=\count130
\c@subtable=\count131
\c@lotdepth=\count132
) (/usr/share/texlive/texmf-dist/tex/latex/amsfonts/amssymb.sty
Package: amssymb 2013/01/14 v3.01 AMS font symbols
 (/usr/share/texlive/texmf-dist/tex/latex/amsfonts/amsfonts.sty
Package: amsfonts 2013/01/14 v3.01 Basic AMSFonts support
\@emptytoks=\toks24
\symAMSa=\mathgroup4
\symAMSb=\mathgroup5
LaTeX Font Info:    Overwriting math alphabet `\mathfrak' in version `bold'
(Font)                  U/euf/m/n --> U/euf/b/n on input line 106.
)) (/usr/share/texlive/texmf-dist/tex/latex/amsmath/amsmath.sty
Package: amsmath 2017/09/02 v2.17a AMS math features
\@mathmargin=\skip55

For additional information on amsmath, use the `?' option.
(/usr/share/texlive/texmf-dist/tex/latex/amsmath/amstext.sty
Package: amstext 2000/06/29 v2.01 AMS text
 (/usr/share/texlive/texmf-dist/tex/latex/amsmath/amsgen.sty
File: amsgen.sty 1999/11/30 v2.0 generic functions
\@emptytoks=\toks25
\ex@=\dimen121
)) (/usr/share/texlive/texmf-dist/tex/latex/amsmath/amsbsy.sty
Package: amsbsy 1999/11/29 v1.2d Bold Symbols
\pmbraise@=\dimen122
) (/usr/share/texlive/texmf-dist/tex/latex/amsmath/amsopn.sty
Package: amsopn 2016/03/08 v2.02 operator names
)
\inf@bad=\count133
LaTeX Info: Redefining \frac on input line 213.
\uproot@=\count134
\leftroot@=\count135
LaTeX Info: Redefining \overline on input line 375.
\classnum@=\count136
\DOTSCASE@=\count137
LaTeX Info: Redefining \ldots on input line 472.
LaTeX Info: Redefining \dots on input line 475.
LaTeX Info: Redefining \cdots on input line 596.
\Mathstrutbox@=\box38
\strutbox@=\box39
\big@size=\dimen123
LaTeX Font Info:    Redeclaring font encoding OML on input line 712.
LaTeX Font Info:    Redeclaring font encoding OMS on input line 713.
\macc@depth=\count138
\c@MaxMatrixCols=\count139
\dotsspace@=\muskip11
\c@parentequation=\count140
\dspbrk@lvl=\count141
\tag@help=\toks26
\row@=\count142
\column@=\count143
\maxfields@=\count144
\andhelp@=\toks27
\eqnshift@=\dimen124
\alignsep@=\dimen125
\tagshift@=\dimen126
\tagwidth@=\dimen127
\totwidth@=\dimen128
\lineht@=\dimen129
\@envbody=\toks28
\multlinegap=\skip56
\multlinetaggap=\skip57
\mathdisplay@stack=\toks29
LaTeX Info: Redefining \[ on input line 2817.
LaTeX Info: Redefining \] on input line 2818.
) (/home/henrique/Dropbox/UEM-Mestrado/Pesquisa/Vignando-Dissertacao-2019/capaUEM.sty

LaTeX Warning: You have requested package `capaUEM',
               but the package provides `capaUEMquali'.

Package: capaUEMquali 
) (/usr/share/texlive/texmf-dist/tex/latex/natbib/natbib.sty
Package: natbib 2010/09/13 8.31b (PWD, AO)
\bibhang=\skip58
\bibsep=\skip59
LaTeX Info: Redefining \cite on input line 694.
\c@NAT@ctr=\count145
) (/usr/share/texlive/texmf-dist/tex/latex/tools/verbatim.sty
Package: verbatim 2014/10/28 v1.5q LaTeX2e package for verbatim enhancements
\every@verbatim=\toks30
\verbatim@line=\toks31
\verbatim@in@stream=\read1
) (/usr/share/texlive/texmf-dist/tex/latex/tools/enumerate.sty
Package: enumerate 2015/07/23 v3.00 enumerate extensions (DPC)
\@enLab=\toks32
) (/usr/share/texlive/texmf-dist/tex/latex/colortbl/colortbl.sty
Package: colortbl 2012/02/13 v1.0a Color table columns (DPC)
 (/usr/share/texlive/texmf-dist/tex/latex/tools/array.sty
Package: array 2016/10/06 v2.4d Tabular extension package (FMi)
\col@sep=\dimen130
\extrarowheight=\dimen131
\NC@list=\toks33
\extratabsurround=\skip60
\backup@length=\skip61
)
\everycr=\toks34
\minrowclearance=\skip62
) (/home/henrique/Dropbox/UEM-Mestrado/Pesquisa/Vignando-Dissertacao-2019/textfit.sty
Package: textfit 1994/04/15
\mags@f@r=\count146
\desired@size=\dimen132
\r@mainder=\count147
\m@gstepcount=\count148
\m@gsteplimit=\count149
\m@gstepvalue=\count150
\m@gstepdimen=\dimen133
) (/usr/share/texlive/texmf-dist/tex/latex/tools/tabularx.sty
Package: tabularx 2016/02/03 v2.11 `tabularx' package (DPC)
\TX@col@width=\dimen134
\TX@old@table=\dimen135
\TX@old@col=\dimen136
\TX@target=\dimen137
\TX@delta=\dimen138
\TX@cols=\count151
\TX@ftn=\toks35
) (/usr/share/texlive/texmf-dist/tex/latex/graphics/rotating.sty
Package: rotating 2016/08/11 v2.16d rotated objects in LaTeX
\c@r@tfl@t=\count152
\rotFPtop=\skip63
\rotFPbot=\skip64
\rot@float@box=\box40
\rot@mess@toks=\toks36
) (/usr/share/texlive/texmf-dist/tex/latex/placeins/placeins.sty
Package: placeins 2005/04/18  v 2.2
) (/usr/share/texlive/texmf-dist/tex/latex/tools/afterpage.sty
Package: afterpage 2014/10/28 v1.08 After-Page Package (DPC)
\AP@output=\toks37
\AP@partial=\box41
\AP@footins=\box42
) (/usr/share/texlive/texmf-dist/tex/latex/booktabs/booktabs.sty
Package: booktabs 2016/04/27 v1.618033 publication quality tables
\heavyrulewidth=\dimen139
\lightrulewidth=\dimen140
\cmidrulewidth=\dimen141
\belowrulesep=\dimen142
\belowbottomsep=\dimen143
\aboverulesep=\dimen144
\abovetopsep=\dimen145
\cmidrulesep=\dimen146
\cmidrulekern=\dimen147
\defaultaddspace=\dimen148
\@cmidla=\count153
\@cmidlb=\count154
\@aboverulesep=\dimen149
\@belowrulesep=\dimen150
\@thisruleclass=\count155
\@lastruleclass=\count156
\@thisrulewidth=\dimen151
) (/usr/share/texlive/texmf-dist/tex/latex/adjustbox/adjustbox.sty
Package: adjustbox 2012/05/21 v1.0 Adjusting TeX boxes (trim, clip, ...)
 (/usr/share/texlive/texmf-dist/tex/latex/xkeyval/xkeyval.sty
Package: xkeyval 2014/12/03 v2.7a package option processing (HA)
 (/usr/share/texlive/texmf-dist/tex/generic/xkeyval/xkeyval.tex (/usr/share/texlive/texmf-dist/tex/generic/xkeyval/xkvutils.tex
\XKV@toks=\toks38
\XKV@tempa@toks=\toks39
)
\XKV@depth=\count157
File: xkeyval.tex 2014/12/03 v2.7a key=value parser (HA)
)) (/usr/share/texlive/texmf-dist/tex/latex/adjustbox/adjcalc.sty
Package: adjcalc 2012/05/16 v1.1 Provides advanced setlength with multiple back-ends (calc, etex, pgfmath)
) (/usr/share/texlive/texmf-dist/tex/latex/adjustbox/trimclip.sty
Package: trimclip 2012/05/16 v1.0 Trim and clip general TeX material
 (/usr/share/texlive/texmf-dist/tex/latex/collectbox/collectbox.sty
Package: collectbox 2012/05/17 v0.4b Collect macro arguments as boxes
\collectedbox=\box43
)
\tc@llx=\dimen152
\tc@lly=\dimen153
\tc@urx=\dimen154
\tc@ury=\dimen155
Package trimclip Info: Using driver 'tc-pdftex.def'.
 (/usr/share/texlive/texmf-dist/tex/latex/adjustbox/tc-pdftex.def
File: tc-pdftex.def 2012/05/13 v1.0 Clipping driver for pdftex
))
\adjbox@Width=\dimen156
\adjbox@Height=\dimen157
\adjbox@Depth=\dimen158
\adjbox@Totalheight=\dimen159
 (/usr/share/texlive/texmf-dist/tex/latex/ifoddpage/ifoddpage.sty
Package: ifoddpage 2016/04/23 v1.1 Conditionals for odd/even page detection
\c@checkoddpage=\count158
) (/usr/share/texlive/texmf-dist/tex/latex/varwidth/varwidth.sty
Package: varwidth 2009/03/30 ver 0.92;  Variable-width minipages
\@vwid@box=\box44
\sift@deathcycles=\count159
\@vwid@loff=\dimen160
\@vwid@roff=\dimen161
)) (/usr/share/texlive/texmf-dist/tex/latex/threeparttable/threeparttable.sty
Package: threeparttable 2003/06/13  v 3.0
\@tempboxb=\box45
) (/home/henrique/Dropbox/UEM-Mestrado/Pesquisa/Vignando-Dissertacao-2019/geometry.sty
Package: geometry 1998/04/08 v2.0a Page Geometry
\geom@cnth=\count160
\geom@cntv=\count161
)
\c@capkind=\count162
 (/home/henrique/Dropbox/UEM-Mestrado/Pesquisa/Vignando-Dissertacao-2019/main.aux (/home/henrique/Dropbox/UEM-Mestrado/Pesquisa/Vignando-Dissertacao-2019/texto/_agradecimentos.aux) (/home/henrique/Dropbox/UEM-Mestrado/Pesquisa/Vignando-Dissertacao-2019/texto/_resumo.aux) (/home/henrique/Dropbox/UEM-Mestrado/Pesquisa/Vignando-Dissertacao-2019/texto/_abstract.aux) (/home/henrique/Dropbox/UEM-Mestrado/Pesquisa/Vignando-Dissertacao-2019/texto/_abreviaturas.aux) (/home/henrique/Dropbox/UEM-Mestrado/Pesquisa/Vignando-Dissertacao-2019/texto/_introducao.aux) (/home/henrique/Dropbox/UEM-Mestrado/Pesquisa/Vignando-Dissertacao-2019/texto/_fundamentacao_teorica.aux) (/home/henrique/Dropbox/UEM-Mestrado/Pesquisa/Vignando-Dissertacao-2019/texto/_ontologia.aux) (/home/henrique/Dropbox/UEM-Mestrado/Pesquisa/Vignando-Dissertacao-2019/texto/_avalicao_da_ontologia.aux

LaTeX Warning: Label `sec:concidaracoes_iniciais' multiply defined.

) (/home/henrique/Dropbox/UEM-Mestrado/Pesquisa/Vignando-Dissertacao-2019/texto/_recsys.aux

LaTeX Warning: Label `sec:recsys_concidaracoes_finais' multiply defined.

) (/home/henrique/Dropbox/UEM-Mestrado/Pesquisa/Vignando-Dissertacao-2019/texto/_conclusao.aux) (/home/henrique/Dropbox/UEM-Mestrado/Pesquisa/Vignando-Dissertacao-2019/texto/apendice_a_tipologia.aux) (/home/henrique/Dropbox/UEM-Mestrado/Pesquisa/Vignando-Dissertacao-2019/texto/apendice_a.aux) (/home/henrique/Dropbox/UEM-Mestrado/Pesquisa/Vignando-Dissertacao-2019/texto/apendice_b.aux) (/home/henrique/Dropbox/UEM-Mestrado/Pesquisa/Vignando-Dissertacao-2019/texto/apendice_c.aux) (/home/henrique/Dropbox/UEM-Mestrado/Pesquisa/Vignando-Dissertacao-2019/texto/apendice_d.aux))
\openout1 = `main.aux'.

LaTeX Font Info:    Checking defaults for OML/cmm/m/it on input line 311.
LaTeX Font Info:    ... okay on input line 311.
LaTeX Font Info:    Checking defaults for T1/cmr/m/n on input line 311.
LaTeX Font Info:    ... okay on input line 311.
LaTeX Font Info:    Checking defaults for OT1/cmr/m/n on input line 311.
LaTeX Font Info:    ... okay on input line 311.
LaTeX Font Info:    Checking defaults for OMS/cmsy/m/n on input line 311.
LaTeX Font Info:    ... okay on input line 311.
LaTeX Font Info:    Checking defaults for OMX/cmex/m/n on input line 311.
LaTeX Font Info:    ... okay on input line 311.
LaTeX Font Info:    Checking defaults for U/cmr/m/n on input line 311.
LaTeX Font Info:    ... okay on input line 311.
LaTeX Font Info:    Checking defaults for PD1/pdf/m/n on input line 311.
LaTeX Font Info:    ... okay on input line 311.
\AtBeginShipoutBox=\box46
Package hyperref Info: Link coloring ON on input line 311.
 (/usr/share/texlive/texmf-dist/tex/latex/hyperref/nameref.sty
Package: nameref 2016/05/21 v2.44 Cross-referencing by name of section
 (/usr/share/texlive/texmf-dist/tex/generic/oberdiek/gettitlestring.sty
Package: gettitlestring 2016/05/16 v1.5 Cleanup title references (HO)
)
\c@section@level=\count163
)
LaTeX Info: Redefining \ref on input line 311.
LaTeX Info: Redefining \pageref on input line 311.
LaTeX Info: Redefining \nameref on input line 311.
 (/home/henrique/Dropbox/UEM-Mestrado/Pesquisa/Vignando-Dissertacao-2019/main.out) (/home/henrique/Dropbox/UEM-Mestrado/Pesquisa/Vignando-Dissertacao-2019/main.out)
\@outlinefile=\write3
\openout3 = `main.out'.

\c@lstlisting=\count164
 (/usr/share/texlive/texmf-dist/tex/context/base/mkii/supp-pdf.mkii
[Loading MPS to PDF converter (version 2006.09.02).]
\scratchcounter=\count165
\scratchdimen=\dimen162
\scratchbox=\box47
\nofMPsegments=\count166
\nofMParguments=\count167
\everyMPshowfont=\toks40
\MPscratchCnt=\count168
\MPscratchDim=\dimen163
\MPnumerator=\count169
\makeMPintoPDFobject=\count170
\everyMPtoPDFconversion=\toks41
) (/usr/share/texlive/texmf-dist/tex/latex/oberdiek/pdflscape.sty
Package: pdflscape 2016/05/14 v0.11 Display of landscape pages in PDF (HO)
Package pdflscape Info: Auto-detected driver: pdftex on input line 81.
)
----------------------- Geometry parameters
mode: a4paper pdftex 
h-parts: 3cm, 455.24411pt, 2cm
v-parts: 3cm, 702.78308pt, 2cm
----------------------- Page layout dimensions
\paperwidth  597.50787pt
\paperheight 845.04684pt
\textwidth  455.24411pt
\textheight 646.94972pt
\oddsidemargin  13.08827pt
\evensidemargin 13.08827pt
\topmargin  13.08827pt
\headheight 15.50002pt
\headsep    10.33334pt
\footskip   30.0pt
\hoffset 0.0pt
\voffset 0.0pt
(1in=72.27pt, 1cm=28.45pt)
-----------------------
[1


{/var/lib/texmf/fonts/map/pdftex/updmap/pdftex.map}]
Underfull \hbox (badness 1253) in paragraph at lines 361--361
[]\OT1/cmr/m/n/12 Disserta^^Xc~ao apre-sen-tada ao Pro-grama de
 []


Underfull \hbox (badness 2126) in paragraph at lines 361--361
\OT1/cmr/m/n/12 de Tec-no-lo-gia da Uni-ver-si-dade Es-ta-dual
 []


Underfull \hbox (badness 10000) in paragraph at lines 361--361

 []

pdfTeX warning (ext4): destination with the same identifier (name{page.1}) has been already used, duplicate ignored
<to be read again> 
                   \relax 
l.367 \Jfolhaaprovacao
                       [1

]
Underfull \hbox (badness 10000) in paragraph at lines 367--367

 []

[2

]
\openout2 = `texto/_agradecimentos.aux'.

 (/home/henrique/Dropbox/UEM-Mestrado/Pesquisa/Vignando-Dissertacao-2019/texto/_agradecimentos.tex) [3


]
\openout2 = `texto/_resumo.aux'.

 (/home/henrique/Dropbox/UEM-Mestrado/Pesquisa/Vignando-Dissertacao-2019/texto/_resumo.tex
Underfull \hbox (badness 10000) in paragraph at lines 14--15

 []

[4



]) [5]
\openout2 = `texto/_abstract.aux'.

 (/home/henrique/Dropbox/UEM-Mestrado/Pesquisa/Vignando-Dissertacao-2019/texto/_abstract.tex
Underfull \hbox (badness 10000) in paragraph at lines 13--14

 []

[6



] [7]) (/home/henrique/Dropbox/UEM-Mestrado/Pesquisa/Vignando-Dissertacao-2019/main.lof
LaTeX Font Info:    Try loading font information for U+msa on input line 3.
 (/usr/share/texlive/texmf-dist/tex/latex/amsfonts/umsa.fd
File: umsa.fd 2013/01/14 v3.01 AMS symbols A
)
LaTeX Font Info:    Try loading font information for U+msb on input line 3.
 (/usr/share/texlive/texmf-dist/tex/latex/amsfonts/umsb.fd
File: umsb.fd 2013/01/14 v3.01 AMS symbols B
))
\tf@lof=\write4
\openout4 = `main.lof'.

 [8

] (/home/henrique/Dropbox/UEM-Mestrado/Pesquisa/Vignando-Dissertacao-2019/main.lot)
\tf@lot=\write5
\openout5 = `main.lot'.

 [9]
\openout2 = `texto/_abreviaturas.aux'.

 (/home/henrique/Dropbox/UEM-Mestrado/Pesquisa/Vignando-Dissertacao-2019/texto/_abreviaturas.tex) [10

] (/home/henrique/Dropbox/UEM-Mestrado/Pesquisa/Vignando-Dissertacao-2019/main.toc [11

] [12])
\tf@toc=\write6
\openout6 = `main.toc'.

 [13]
\openout2 = `texto/_introducao.aux'.

 (/home/henrique/Dropbox/UEM-Mestrado/Pesquisa/Vignando-Dissertacao-2019/texto/_introducao.tex
Cap\'{\i }tulo 1.

LaTeX Font Warning: Font shape `OT1/cmss/m/sc' in size <14.4> not available
(Font)              Font shape `OT1/cmr/m/sc' tried instead on input line 1.

[14


] [15]
LaTeX Font Info:    Try loading font information for OMS+cmr on input line 41.
 (/usr/share/texlive/texmf-dist/tex/latex/base/omscmr.fd
File: omscmr.fd 2014/09/29 v2.5h Standard LaTeX font definitions
)
LaTeX Font Info:    Font shape `OMS/cmr/m/n' in size <12> not available
(Font)              Font shape `OMS/cmsy/m/n' tried instead on input line 41.
 [16]
<figuras/metodologia.pdf, id=579, 585.14606pt x 154.6578pt>
File: figuras/metodologia.pdf Graphic file (type pdf)
<use figuras/metodologia.pdf>
Package pdftex.def Info: figuras/metodologia.pdf  used on input line 58.
(pdftex.def)             Requested size: 438.85846pt x 115.99306pt.
 [17 </home/henrique/Dropbox/UEM-Mestrado/Pesquisa/Vignando-Dissertacao-2019/figuras/metodologia.pdf

pdfTeX warning: pdflatex (file /home/henrique/Dropbox/UEM-Mestrado/Pesquisa/Vignando-Dissertacao-2019/figuras/metodologia.pdf): PDF inclusion: invalid other resource which is no dict (key 'ProcSets', type <array>); ignored.
>]) [18]
\openout2 = `texto/_fundamentacao_teorica.aux'.

 (/home/henrique/Dropbox/UEM-Mestrado/Pesquisa/Vignando-Dissertacao-2019/texto/_fundamentacao_teorica.tex
Cap\'{\i }tulo 2.
[19



]
<figuras/exemplo_lps_pt.png, id=634, 1406.3742pt x 685.6014pt>
File: figuras/exemplo_lps_pt.png Graphic file (type png)
<use figuras/exemplo_lps_pt.png>
Package pdftex.def Info: figuras/exemplo_lps_pt.png  used on input line 33.
(pdftex.def)             Requested size: 464.10493pt x 226.24916pt.

Overfull \hbox (8.86082pt too wide) in paragraph at lines 33--34
 [][] 
 []

[20] [21 </home/henrique/Dropbox/UEM-Mestrado/Pesquisa/Vignando-Dissertacao-2019/figuras/exemplo_lps_pt.png>]
<figuras/framewor_lps.png, id=660, 1179.40625pt x 927.465pt>
File: figuras/framewor_lps.png Graphic file (type png)
<use figuras/framewor_lps.png>
Package pdftex.def Info: figuras/framewor_lps.png  used on input line 71.
(pdftex.def)             Requested size: 436.37349pt x 343.15668pt.


LaTeX Font Warning: Font shape `OT1/cmss/bx/it' undefined
(Font)              using `OT1/cmss/bx/n' instead on input line 78.

[22 </home/henrique/Dropbox/UEM-Mestrado/Pesquisa/Vignando-Dissertacao-2019/figuras/framewor_lps.png>]
<figuras/experimento.png, id=672, 1108.14pt x 772.8875pt>
File: figuras/experimento.png Graphic file (type png)
<use figuras/experimento.png>
Package pdftex.def Info: figuras/experimento.png  used on input line 87.
(pdftex.def)             Requested size: 410.00539pt x 285.9639pt.
 [23]
<figuras/proc_exp.png, id=691, 1124.2pt x 738.76pt>
File: figuras/proc_exp.png Graphic file (type png)
<use figuras/proc_exp.png>
Package pdftex.def Info: figuras/proc_exp.png  used on input line 108.
(pdftex.def)             Requested size: 415.9475pt x 273.33691pt.
 [24 </home/henrique/Dropbox/UEM-Mestrado/Pesquisa/Vignando-Dissertacao-2019/figuras/experimento.png>] [25 </home/henrique/Dropbox/UEM-Mestrado/Pesquisa/Vignando-Dissertacao-2019/figuras/proc_exp.png>]

LaTeX Warning: No positions in optional float specifier.
               Default added (so using `!htb') on input line 136.

[26] [27]
<figuras/estrutura_ontologia.png, id=756, 357.4956pt x 296.7888pt>
File: figuras/estrutura_ontologia.png Graphic file (type png)
<use figuras/estrutura_ontologia.png>
Package pdftex.def Info: figuras/estrutura_ontologia.png  used on input line 180.
(pdftex.def)             Requested size: 250.24521pt x 207.75073pt.
<figuras/exemplo_ontologia.png, id=757, 979.66pt x 683.55376pt>
File: figuras/exemplo_ontologia.png Graphic file (type png)
<use figuras/exemplo_ontologia.png>
Package pdftex.def Info: figuras/exemplo_ontologia.png  used on input line 188.
(pdftex.def)             Requested size: 440.84293pt x 307.59634pt.
 [28] [29 </home/henrique/Dropbox/UEM-Mestrado/Pesquisa/Vignando-Dissertacao-2019/figuras/estrutura_ontologia.png>] [30 </home/henrique/Dropbox/UEM-Mestrado/Pesquisa/Vignando-Dissertacao-2019/figuras/exemplo_ontologia.png>]) [31] [32]
\openout2 = `texto/_ontologia.aux'.

 (/home/henrique/Dropbox/UEM-Mestrado/Pesquisa/Vignando-Dissertacao-2019/texto/_ontologia.tex
Cap\'{\i }tulo 3.
[33



] [34]

LaTeX Warning: No positions in optional float specifier.
               Default added (so using `!htb') on input line 32.

[35

]
Overfull \hbox (25.87323pt too wide) in paragraph at lines 51--52
[]\OT1/cmr/m/n/12 O pri-meiro passo foi de-sen-vol-ver um grafo como mo-delo ini-cial da on-to-lo-gia OntoExper-LPS,
 []


LaTeX Warning: No positions in optional float specifier.
               Default added (so using `!htb') on input line 53.

<figuras/grafo-inicial.pdf, id=867, 789.91106pt x 990.8217pt>
File: figuras/grafo-inicial.pdf Graphic file (type pdf)
<use figuras/grafo-inicial.pdf>
Package pdftex.def Info: figuras/grafo-inicial.pdf  used on input line 55.
(pdftex.def)             Requested size: 394.95456pt x 495.40964pt.
[36

 </home/henrique/Dropbox/UEM-Mestrado/Pesquisa/Vignando-Dissertacao-2019/figuras/grafo-inicial.pdf

pdfTeX warning: pdflatex (file /home/henrique/Dropbox/UEM-Mestrado/Pesquisa/Vignando-Dissertacao-2019/figuras/grafo-inicial.pdf): PDF inclusion: invalid other resource which is no dict (key 'ProcSets', type <array>); ignored.
>] [37] [38] [39]

LaTeX Warning: No positions in optional float specifier.
               Default added (so using `!htb') on input line 176.

<figuras/modelo-conceitual-clusterizado.pdf, id=916, 845.07718pt x 597.19106pt>
File: figuras/modelo-conceitual-clusterizado.pdf Graphic file (type pdf)
<use figuras/modelo-conceitual-clusterizado.pdf>
Package pdftex.def Info: figuras/modelo-conceitual-clusterizado.pdf  used on input line 178.
(pdftex.def)             Requested size: 549.29366pt x 388.16959pt.
[40

 </home/henrique/Dropbox/UEM-Mestrado/Pesquisa/Vignando-Dissertacao-2019/figuras/modelo-conceitual-clusterizado.pdf

pdfTeX warning: pdflatex (file /home/henrique/Dropbox/UEM-Mestrado/Pesquisa/Vignando-Dissertacao-2019/figuras/modelo-conceitual-clusterizado.pdf): PDF inclusion: invalid other resource which is no dict (key 'ProcSets', type <array>); ignored.
>] [41

]

LaTeX Warning: No positions in optional float specifier.
               Default added (so using `!htb') on input line 194.

<figuras/class-diagram-ontology.png, id=932, 2086.79625pt x 1045.9075pt>
File: figuras/class-diagram-ontology.png Graphic file (type png)
<use figuras/class-diagram-ontology.png>
Package pdftex.def Info: figuras/class-diagram-ontology.png  used on input line 196.
(pdftex.def)             Requested size: 626.04372pt x 313.77467pt.
[42

 </home/henrique/Dropbox/UEM-Mestrado/Pesquisa/Vignando-Dissertacao-2019/figuras/class-diagram-ontology.png (PNG copy)>] [43

]
<figuras/entidades-protege.png, id=946, 905.3825pt x 810.02625pt>
File: figuras/entidades-protege.png Graphic file (type png)
<use figuras/entidades-protege.png>
Package pdftex.def Info: figuras/entidades-protege.png  used on input line 228.
(pdftex.def)             Requested size: 452.69014pt x 405.01213pt.
<figuras/entidades-protege-object-properties.png, id=948, 920.43875pt x 841.1425pt>
File: figuras/entidades-protege-object-properties.png Graphic file (type png)
<use figuras/entidades-protege-object-properties.png>
Package pdftex.def Info: figuras/entidades-protege-object-properties.png  used on input line 239.
(pdftex.def)             Requested size: 460.21825pt x 420.57022pt.

Overfull \hbox (4.97414pt too wide) in paragraph at lines 239--240
 [][] 
 []

[44 </home/henrique/Dropbox/UEM-Mestrado/Pesquisa/Vignando-Dissertacao-2019/figuras/entidades-protege.png>] [45 </home/henrique/Dropbox/UEM-Mestrado/Pesquisa/Vignando-Dissertacao-2019/figuras/entidades-protege-object-properties.png>]
<figuras/entidades-protege-data-properties.png, id=958, 920.43875pt x 841.1425pt>
File: figuras/entidades-protege-data-properties.png Graphic file (type png)
<use figuras/entidades-protege-data-properties.png>
Package pdftex.def Info: figuras/entidades-protege-data-properties.png  used on input line 250.
(pdftex.def)             Requested size: 460.21825pt x 420.57022pt.

Overfull \hbox (4.97414pt too wide) in paragraph at lines 250--251
 [][] 
 []

<figuras/ontology-populate-valid-owl-2.pdf, id=962, 594.72188pt x 707.64375pt>
File: figuras/ontology-populate-valid-owl-2.pdf Graphic file (type pdf)
<use figuras/ontology-populate-valid-owl-2.pdf>
Package pdftex.def Info: figuras/ontology-populate-valid-owl-2.pdf  used on input line 261.
(pdftex.def)             Requested size: 356.83588pt x 424.58952pt.
[46 </home/henrique/Dropbox/UEM-Mestrado/Pesquisa/Vignando-Dissertacao-2019/figuras/entidades-protege-data-properties.png>] [47 </home/henrique/Dropbox/UEM-Mestrado/Pesquisa/Vignando-Dissertacao-2019/figuras/ontology-populate-valid-owl-2.pdf>] [48] [49] [50] [51] [52] (/usr/share/texlive/texmf-dist/tex/latex/listings/lstlang1.sty
File: lstlang1.sty 2015/06/04 1.6 listings language file
)
Package hyperref Info: bookmark level for unknown lstlisting defaults to 0 on input line 353.
 [53] [54] (/usr/share/texlive/texmf-dist/tex/latex/listings/lstlang1.sty
File: lstlang1.sty 2015/06/04 1.6 listings language file
) (/usr/share/texlive/texmf-dist/tex/latex/listings/lstlang2.sty
File: lstlang2.sty 2015/06/04 1.6 listings language file
) (/usr/share/texlive/texmf-dist/tex/latex/listings/lstlang3.sty
File: lstlang3.sty 2015/06/04 1.6 listings language file
)
LaTeX Font Info:    Try loading font information for OML+cmr on input line 418.
 (/usr/share/texlive/texmf-dist/tex/latex/base/omlcmr.fd
File: omlcmr.fd 2014/09/29 v2.5h Standard LaTeX font definitions
)
LaTeX Font Info:    Font shape `OML/cmr/m/n' in size <12> not available
(Font)              Font shape `OML/cmm/m/it' tried instead on input line 418.
LaTeX Font Info:    Font shape `OML/cmr/m/it' in size <12> not available
(Font)              Font shape `OML/cmm/m/it' tried instead on input line 418.
 [55] [56] [57] [58] [59] [60]) [61]
\openout2 = `texto/_avalicao_da_ontologia.aux'.

 (/home/henrique/Dropbox/UEM-Mestrado/Pesquisa/Vignando-Dissertacao-2019/texto/_avalicao_da_ontologia.tex
Cap\'{\i }tulo 4.
[62



] [63] [64] [65] [66]

LaTeX Warning: No positions in optional float specifier.
               Default added (so using `!htb') on input line 118.

[67] [68]
<figuras/frequencia-likert.pdf, id=1133, 216.24095pt x 441.01773pt>
File: figuras/frequencia-likert.pdf Graphic file (type pdf)
<use figuras/frequencia-likert.pdf>
Package pdftex.def Info: figuras/frequencia-likert.pdf  used on input line 184.
(pdftex.def)             Requested size: 216.2404pt x 441.01665pt.


LaTeX Warning: No positions in optional float specifier.
               Default added (so using `!htb') on input line 194.

<figuras/curva-normal.png, id=1135, 435.6275pt x 304.13625pt>
File: figuras/curva-normal.png Graphic file (type png)
<use figuras/curva-normal.png>
Package pdftex.def Info: figuras/curva-normal.png  used on input line 223.
(pdftex.def)             Requested size: 348.50247pt x 243.30933pt.
[69 </home/henrique/Dropbox/UEM-Mestrado/Pesquisa/Vignando-Dissertacao-2019/figuras/frequencia-likert.pdf>] [70 </home/henrique/Dropbox/UEM-Mestrado/Pesquisa/Vignando-Dissertacao-2019/figuras/curva-normal.png>]
<figuras/correlacao-criterios.png, id=1175, 524.96124pt x 431.6125pt>
File: figuras/correlacao-criterios.png Graphic file (type png)
<use figuras/correlacao-criterios.png>
Package pdftex.def Info: figuras/correlacao-criterios.png  used on input line 280.
(pdftex.def)             Requested size: 419.96956pt x 345.29045pt.
 [71] [72 </home/henrique/Dropbox/UEM-Mestrado/Pesquisa/Vignando-Dissertacao-2019/figuras/correlacao-criterios.png>] [73] [74] [75] [76] [77]) [78]
\openout2 = `texto/_recsys.aux'.

 (/home/henrique/Dropbox/UEM-Mestrado/Pesquisa/Vignando-Dissertacao-2019/texto/_recsys.tex
Cap\'{\i }tulo 5.
[79



]
\c@mydef=\count171
 [80] [81]
<figuras/rsse.png, id=1266, 833.1125pt x 507.8975pt>
File: figuras/rsse.png Graphic file (type png)
<use figuras/rsse.png>
Package pdftex.def Info: figuras/rsse.png  used on input line 69.
(pdftex.def)             Requested size: 416.55524pt x 253.94814pt.
 [82] [83 </home/henrique/Dropbox/UEM-Mestrado/Pesquisa/Vignando-Dissertacao-2019/figuras/rsse.png>] [84]

LaTeX Warning: No positions in optional float specifier.
               Default added (so using `!htb') on input line 98.

[85

]
Overfull \hbox (24.27187pt too wide) in paragraph at lines 126--127
\OT1/cmr/m/n/12 foi poss^^S^^Pvel esbo^^Xcar um SR para re-a-li-zar, como prova de con-ceito, in-fer^encia na OntoExper-LPS.
 []

<figuras/RSSE-overview.png, id=1299, 869.2475pt x 351.3125pt>
File: figuras/RSSE-overview.png Graphic file (type png)
<use figuras/RSSE-overview.png>
Package pdftex.def Info: figuras/RSSE-overview.png  used on input line 130.
(pdftex.def)             Requested size: 434.62268pt x 175.6558pt.
[86

 </home/henrique/Dropbox/UEM-Mestrado/Pesquisa/Vignando-Dissertacao-2019/figuras/RSSE-overview.png>] [87]
<figuras/dir-recsys-onto.png, id=1311, 241.65282pt x 217.5628pt>
File: figuras/dir-recsys-onto.png Graphic file (type png)
<use figuras/dir-recsys-onto.png>
Package pdftex.def Info: figuras/dir-recsys-onto.png  used on input line 185.
(pdftex.def)             Requested size: 241.65222pt x 217.56227pt.
 [88 </home/henrique/Dropbox/UEM-Mestrado/Pesquisa/Vignando-Dissertacao-2019/figuras/dir-recsys-onto.png (PNG copy)>] [89]
<figuras/tela-recsys-onto.png, id=1328, 1240.635pt x 807.015pt>
File: figuras/tela-recsys-onto.png Graphic file (type png)
<use figuras/tela-recsys-onto.png>
Package pdftex.def Info: figuras/tela-recsys-onto.png  used on input line 248.
(pdftex.def)             Requested size: 434.22876pt x 282.45947pt.
 [90] [91 </home/henrique/Dropbox/UEM-Mestrado/Pesquisa/Vignando-Dissertacao-2019/figuras/tela-recsys-onto.png>]
<figuras/rating-recsys-onto.png, id=1360, 863.47594pt x 446.41782pt>
File: figuras/rating-recsys-onto.png Graphic file (type png)
<use figuras/rating-recsys-onto.png>
Package pdftex.def Info: figuras/rating-recsys-onto.png  used on input line 281.
(pdftex.def)             Requested size: 431.73691pt x 223.20836pt.
 [92 </home/henrique/Dropbox/UEM-Mestrado/Pesquisa/Vignando-Dissertacao-2019/figuras/rating-recsys-onto.png (PNG copy)>]

LaTeX Warning: Reference `' on page 93 undefined on input line 312.

[93]

LaTeX Warning: No positions in optional float specifier.
               Default added (so using `!htb') on input line 321.

[94]

LaTeX Warning: No positions in optional float specifier.
               Default added (so using `!htb') on input line 365.

[95] [96]) [97]
\openout2 = `texto/_conclusao.aux'.

 (/home/henrique/Dropbox/UEM-Mestrado/Pesquisa/Vignando-Dissertacao-2019/texto/_conclusao.tex
Cap\'{\i }tulo 6.
[98



] [99]) [100] (/home/henrique/Dropbox/UEM-Mestrado/Pesquisa/Vignando-Dissertacao-2019/main.bbl (/home/henrique/Dropbox/UEM-Mestrado/Pesquisa/Vignando-Dissertacao-2019/babelbst.tex) [101


]
Underfull \hbox (badness 1675) in paragraph at lines 126--130
[]\OT1/cmr/m/sc/12 Gruber, T.   \OT1/cmr/m/n/12 What is an on-to-logy.   \OT1/cmr/m/it/12 WWW Site http://www-ksl. stan-ford.
 []

[102] [103]) [104]
\openout2 = `texto/apendice_a_tipologia.aux'.

 (/home/henrique/Dropbox/UEM-Mestrado/Pesquisa/Vignando-Dissertacao-2019/texto/apendice_a_tipologia.tex
Ap\^endice A.
[105


] [106]) [107]
\openout2 = `texto/apendice_a.aux'.

 (/home/henrique/Dropbox/UEM-Mestrado/Pesquisa/Vignando-Dissertacao-2019/texto/apendice_a.tex
Ap\^endice B.

LaTeX Font Warning: Font shape `OT1/cmss/bx/sc' undefined
(Font)              using `OT1/cmss/bx/n' instead on input line 4.

LaTeX Font Info:    Font shape `OT1/cmtt/bx/n' in size <17.28> not available
(Font)              Font shape `OT1/cmtt/m/n' tried instead on input line 4.

Overfull \hbox (38.42119pt too wide) in paragraph at lines 4--4
 |[]\OT1/cmss/bx/it/17.28 Sa^^S^^Pda Da Op^^Xc~ao time-flags com os Bre-ak-points \OT1/cmtt/m/n/17.28 .dijkstra
 []

) [108



]
\openout2 = `texto/apendice_b.aux'.

 (/home/henrique/Dropbox/UEM-Mestrado/Pesquisa/Vignando-Dissertacao-2019/texto/apendice_b.tex
Ap\^endice C.
) [109



]
\openout2 = `texto/apendice_c.aux'.

 (/home/henrique/Dropbox/UEM-Mestrado/Pesquisa/Vignando-Dissertacao-2019/texto/apendice_c.tex
Ap\^endice D.
) [110



]
\openout2 = `texto/apendice_d.aux'.

 (/home/henrique/Dropbox/UEM-Mestrado/Pesquisa/Vignando-Dissertacao-2019/texto/apendice_d.tex
Ap\^endice E.
) [111



]
Package atveryend Info: Empty hook `BeforeClearDocument' on input line 415.
Package atveryend Info: Empty hook `AfterLastShipout' on input line 415.
 (/home/henrique/Dropbox/UEM-Mestrado/Pesquisa/Vignando-Dissertacao-2019/main.aux (/home/henrique/Dropbox/UEM-Mestrado/Pesquisa/Vignando-Dissertacao-2019/texto/_agradecimentos.aux) (/home/henrique/Dropbox/UEM-Mestrado/Pesquisa/Vignando-Dissertacao-2019/texto/_resumo.aux) (/home/henrique/Dropbox/UEM-Mestrado/Pesquisa/Vignando-Dissertacao-2019/texto/_abstract.aux) (/home/henrique/Dropbox/UEM-Mestrado/Pesquisa/Vignando-Dissertacao-2019/texto/_abreviaturas.aux) (/home/henrique/Dropbox/UEM-Mestrado/Pesquisa/Vignando-Dissertacao-2019/texto/_introducao.aux) (/home/henrique/Dropbox/UEM-Mestrado/Pesquisa/Vignando-Dissertacao-2019/texto/_fundamentacao_teorica.aux) (/home/henrique/Dropbox/UEM-Mestrado/Pesquisa/Vignando-Dissertacao-2019/texto/_ontologia.aux) (/home/henrique/Dropbox/UEM-Mestrado/Pesquisa/Vignando-Dissertacao-2019/texto/_avalicao_da_ontologia.aux) (/home/henrique/Dropbox/UEM-Mestrado/Pesquisa/Vignando-Dissertacao-2019/texto/_recsys.aux) (/home/henrique/Dropbox/UEM-Mestrado/Pesquisa/Vignando-Dissertacao-2019/texto/_conclusao.aux) (/home/henrique/Dropbox/UEM-Mestrado/Pesquisa/Vignando-Dissertacao-2019/texto/apendice_a_tipologia.aux) (/home/henrique/Dropbox/UEM-Mestrado/Pesquisa/Vignando-Dissertacao-2019/texto/apendice_a.aux) (/home/henrique/Dropbox/UEM-Mestrado/Pesquisa/Vignando-Dissertacao-2019/texto/apendice_b.aux) (/home/henrique/Dropbox/UEM-Mestrado/Pesquisa/Vignando-Dissertacao-2019/texto/apendice_c.aux) (/home/henrique/Dropbox/UEM-Mestrado/Pesquisa/Vignando-Dissertacao-2019/texto/apendice_d.aux))
Package atveryend Info: Executing hook `AtVeryEndDocument' on input line 415.
Package atveryend Info: Executing hook `AtEndAfterFileList' on input line 415.
Package rerunfilecheck Info: File `main.out' has not changed.
(rerunfilecheck)             Checksum: E55FA7AFF02E17DF1896E521D5DDD330;6257.


LaTeX Font Warning: Some font shapes were not available, defaults substituted.


LaTeX Warning: There were undefined references.


LaTeX Warning: There were multiply-defined labels.

Package atveryend Info: Empty hook `AtVeryVeryEnd' on input line 415.
 )
(\end occurred inside a group at level 1)

### semi simple group (level 1) entered at line 359 (\begingroup)
### bottom level 
Here is how much of TeX's memory you used:
 13307 strings out of 492982
 199770 string characters out of 6134896
 336270 words of memory out of 5000000
 16123 multiletter control sequences out of 15000+600000
 21164 words of font info for 80 fonts, out of 8000000 for 9000
 1147 hyphenation exceptions out of 8191
 40i,19n,76p,3015b,2140s stack positions out of 5000i,500n,10000p,200000b,80000s
pdfTeX warning (dest): name{Hfootnote.1} has been referenced but does not exist, replaced by a fixed one

</usr/share/texlive/texmf-dist/fonts/type1/public/amsfonts/cm/cmbx12.pfb></usr/share/texlive/texmf-dist/fonts/type1/public/amsfonts/cm/cmbxti10.pfb></usr/share/texlive/texmf-dist/fonts/type1/public/amsfonts/cm/cmcsc10.pfb></usr/share/texlive/texmf-dist/fonts/type1/public/amsfonts/cm/cmex10.pfb></usr/share/texlive/texmf-dist/fonts/type1/public/amsfonts/cm/cmmi12.pfb></usr/share/texlive/texmf-dist/fonts/type1/public/amsfonts/cm/cmmi8.pfb></usr/share/texlive/texmf-dist/fonts/type1/public/amsfonts/cm/cmr10.pfb></usr/share/texlive/texmf-dist/fonts/type1/public/amsfonts/cm/cmr12.pfb></usr/share/texlive/texmf-dist/fonts/type1/public/amsfonts/cm/cmr7.pfb></usr/share/texlive/texmf-dist/fonts/type1/public/amsfonts/cm/cmr8.pfb></usr/share/texlive/texmf-dist/fonts/type1/public/amsfonts/cm/cmssbx10.pfb></usr/share/texlive/texmf-dist/fonts/type1/public/amsfonts/cm/cmssi17.pfb></usr/share/texlive/texmf-dist/fonts/type1/public/amsfonts/cm/cmsy10.pfb></usr/share/texlive/texmf-dist/fonts/type1/public/amsfonts/cm/cmsy8.pfb></usr/share/texlive/texmf-dist/fonts/type1/public/amsfonts/cm/cmti10.pfb></usr/share/texlive/texmf-dist/fonts/type1/public/amsfonts/cm/cmti12.pfb></usr/share/texlive/texmf-dist/fonts/type1/public/amsfonts/cm/cmtt12.pfb></usr/share/texlive/texmf-dist/fonts/type1/public/amsfonts/cm/cmtt8.pfb>
Output written on /home/henrique/Dropbox/UEM-Mestrado/Pesquisa/Vignando-Dissertacao-2019/main.pdf (112 pages, 3496775 bytes).
PDF statistics:
 1601 PDF objects out of 1728 (max. 8388607)
 1390 compressed objects within 14 object streams
 335 named destinations out of 1000 (max. 500000)
 727 words of extra memory for PDF output out of 10000 (max. 10000000)

