This is pdfTeX, Version 3.14159265-2.6-1.40.18 (TeX Live 2017/Debian) (preloaded format=pdflatex 2019.7.15)  4 OCT 2019 17:12
entering extended mode
 restricted \write18 enabled.
 file:line:error style messages enabled.
 %&-line parsing enabled.
**/home/henrique/Dropbox/UEM-Mestrado/Pesquisa/Vignando-Dissertacao-2019/main_utf8.tex
(/home/henrique/Dropbox/UEM-Mestrado/Pesquisa/Vignando-Dissertacao-2019/main_utf8.tex
LaTeX2e <2017-04-15>
Babel <3.18> and hyphenation patterns for 84 language(s) loaded.
(/home/henrique/Dropbox/UEM-Mestrado/Pesquisa/Vignando-Dissertacao-2019/icmc.cls
Document Class: icmc 2000/12/07 v1.0a ICMC document class
(/usr/share/texlive/texmf-dist/tex/latex/base/bk12.clo
File: bk12.clo 2014/09/29 v1.4h Standard LaTeX file (size option)
)
\c@part=\count79
\c@chapter=\count80
\c@section=\count81
\c@subsection=\count82
\c@subsubsection=\count83
\c@paragraph=\count84
\c@subparagraph=\count85
\c@figure=\count86
\c@table=\count87
\abovecaptionskip=\skip41
\belowcaptionskip=\skip42
\bibindent=\dimen102
 (/home/henrique/Dropbox/UEM-Mestrado/Pesquisa/Vignando-Dissertacao-2019/caption.sty
Package: caption 1995/04/05 v1.4b caption package (HS)

Package: caption v1.4b <1995/04/05> (Harald Sommerfeldt)
\captionmargin=\skip43
\as@captionbox=\box26
\as@captionwidth=\skip44
) (/home/henrique/Dropbox/UEM-Mestrado/Pesquisa/Vignando-Dissertacao-2019/titlesec.sty
Package: titlesec 1999/08/04 v2.1.1 Sectioning titles
) (/home/henrique/Dropbox/UEM-Mestrado/Pesquisa/Vignando-Dissertacao-2019/fancyhdr.sty
\headwidth=\dimen103
) (/home/henrique/Dropbox/UEM-Mestrado/Pesquisa/Vignando-Dissertacao-2019/float.sty
Package: float 2001/11/08 v1.3d Float enhancements (AL)
\c@float@type=\count88
\float@exts=\toks14
\float@box=\box27
\@float@everytoks=\toks15
\@floatcapt=\box28
)) (/usr/share/texlive/texmf-dist/tex/latex/listings/listings.sty (/usr/share/texlive/texmf-dist/tex/latex/graphics/keyval.sty
Package: keyval 2014/10/28 v1.15 key=value parser (DPC)
\KV@toks@=\toks16
)
\lst@mode=\count89
\lst@gtempboxa=\box29
\lst@token=\toks17
\lst@length=\count90
\lst@currlwidth=\dimen104
\lst@column=\count91
\lst@pos=\count92
\lst@lostspace=\dimen105
\lst@width=\dimen106
\lst@newlines=\count93
\lst@lineno=\count94
\lst@maxwidth=\dimen107
 (/usr/share/texlive/texmf-dist/tex/latex/listings/lstmisc.sty
File: lstmisc.sty 2015/06/04 1.6 (Carsten Heinz)
\c@lstnumber=\count95
\lst@skipnumbers=\count96
\lst@framebox=\box30
) (/usr/share/texlive/texmf-dist/tex/latex/listings/listings.cfg
File: listings.cfg 2015/06/04 1.6 listings configuration
))
Package: listings 2015/06/04 1.6 (Carsten Heinz)
 (/usr/share/texlive/texmf-dist/tex/latex/pdfpages/pdfpages.sty
Package: pdfpages 2017/10/31 v0.5l Insert pages of external PDF documents (AM)
 (/usr/share/texlive/texmf-dist/tex/latex/base/ifthen.sty
Package: ifthen 2014/09/29 v1.1c Standard LaTeX ifthen package (DPC)
) (/usr/share/texlive/texmf-dist/tex/latex/tools/calc.sty
Package: calc 2014/10/28 v4.3 Infix arithmetic (KKT,FJ)
\calc@Acount=\count97
\calc@Bcount=\count98
\calc@Adimen=\dimen108
\calc@Bdimen=\dimen109
\calc@Askip=\skip45
\calc@Bskip=\skip46
LaTeX Info: Redefining \setlength on input line 80.
LaTeX Info: Redefining \addtolength on input line 81.
\calc@Ccount=\count99
\calc@Cskip=\skip47
) (/usr/share/texlive/texmf-dist/tex/latex/eso-pic/eso-pic.sty
Package: eso-pic 2015/07/21 v2.0g eso-pic (RN)
 (/usr/share/texlive/texmf-dist/tex/generic/oberdiek/atbegshi.sty
Package: atbegshi 2016/06/09 v1.18 At begin shipout hook (HO)
 (/usr/share/texlive/texmf-dist/tex/generic/oberdiek/infwarerr.sty
Package: infwarerr 2016/05/16 v1.4 Providing info/warning/error messages (HO)
) (/usr/share/texlive/texmf-dist/tex/generic/oberdiek/ltxcmds.sty
Package: ltxcmds 2016/05/16 v1.23 LaTeX kernel commands for general use (HO)
) (/usr/share/texlive/texmf-dist/tex/generic/oberdiek/ifpdf.sty
Package: ifpdf 2017/03/15 v3.2 Provides the ifpdf switch
)) (/usr/share/texlive/texmf-dist/tex/latex/xcolor/xcolor.sty
Package: xcolor 2016/05/11 v2.12 LaTeX color extensions (UK)
 (/usr/share/texlive/texmf-dist/tex/latex/graphics-cfg/color.cfg
File: color.cfg 2016/01/02 v1.6 sample color configuration
)
Package xcolor Info: Driver file: pdftex.def on input line 225.
 (/usr/share/texlive/texmf-dist/tex/latex/graphics-def/pdftex.def
File: pdftex.def 2018/01/08 v1.0l Graphics/color driver for pdftex
)
Package xcolor Info: Model `cmy' substituted by `cmy0' on input line 1348.
Package xcolor Info: Model `hsb' substituted by `rgb' on input line 1352.
Package xcolor Info: Model `RGB' extended on input line 1364.
Package xcolor Info: Model `HTML' substituted by `rgb' on input line 1366.
Package xcolor Info: Model `Hsb' substituted by `hsb' on input line 1367.
Package xcolor Info: Model `tHsb' substituted by `hsb' on input line 1368.
Package xcolor Info: Model `HSB' substituted by `hsb' on input line 1369.
Package xcolor Info: Model `Gray' substituted by `gray' on input line 1370.
Package xcolor Info: Model `wave' substituted by `hsb' on input line 1371.
)) (/usr/share/texlive/texmf-dist/tex/latex/graphics/graphicx.sty
Package: graphicx 2017/06/01 v1.1a Enhanced LaTeX Graphics (DPC,SPQR)
 (/usr/share/texlive/texmf-dist/tex/latex/graphics/graphics.sty
Package: graphics 2017/06/25 v1.2c Standard LaTeX Graphics (DPC,SPQR)
 (/usr/share/texlive/texmf-dist/tex/latex/graphics/trig.sty
Package: trig 2016/01/03 v1.10 sin cos tan (DPC)
) (/usr/share/texlive/texmf-dist/tex/latex/graphics-cfg/graphics.cfg
File: graphics.cfg 2016/06/04 v1.11 sample graphics configuration
)
Package graphics Info: Driver file: pdftex.def on input line 99.
)
\Gin@req@height=\dimen110
\Gin@req@width=\dimen111
)
\AM@pagewidth=\dimen112
\AM@pageheight=\dimen113
 (/usr/share/texlive/texmf-dist/tex/latex/pdfpages/pppdftex.def
File: pppdftex.def 2017/10/31 v0.5l Pdfpages driver for pdfTeX (AM)
)
\AM@pagebox=\box31
\AM@global@opts=\toks18
\AM@toc@title=\toks19
\c@AM@survey=\count100
\AM@templatesizebox=\box32
) (/usr/share/texlive/texmf-dist/tex/generic/babel/babel.sty
Package: babel 2018/02/14 3.18 The Babel package
 (/usr/share/texlive/texmf-dist/tex/generic/babel/switch.def
File: switch.def 2018/02/14 3.18 Babel switching mechanism
) (/usr/share/texlive/texmf-dist/tex/generic/babel-portuges/portuges.ldf
Language: portuges 2008/03/18 v1.2q Portuguese support from the babel system
 (/usr/share/texlive/texmf-dist/tex/generic/babel/babel.def
File: babel.def 2018/02/14 3.18 Babel common definitions
\babel@savecnt=\count101
\U@D=\dimen114
 (/usr/share/texlive/texmf-dist/tex/generic/babel/txtbabel.def)
\bbl@dirlevel=\count102
)
\l@brazil = a dialect from \language\l@portuges 
Package babel Info: Making " an active character on input line 145.
)) (/usr/share/texlive/texmf-dist/tex/latex/base/inputenc.sty
Package: inputenc 2015/03/17 v1.2c Input encoding file
\inpenc@prehook=\toks20
\inpenc@posthook=\toks21
 (/usr/share/texlive/texmf-dist/tex/latex/base/utf8.def
File: utf8.def 2017/01/28 v1.1t UTF-8 support for inputenc
Now handling font encoding OML ...
... no UTF-8 mapping file for font encoding OML
Now handling font encoding T1 ...
... processing UTF-8 mapping file for font encoding T1
 (/usr/share/texlive/texmf-dist/tex/latex/base/t1enc.dfu
File: t1enc.dfu 2017/01/28 v1.1t UTF-8 support for inputenc
   defining Unicode char U+00A0 (decimal 160)
   defining Unicode char U+00A1 (decimal 161)
   defining Unicode char U+00A3 (decimal 163)
   defining Unicode char U+00AB (decimal 171)
   defining Unicode char U+00AD (decimal 173)
   defining Unicode char U+00BB (decimal 187)
   defining Unicode char U+00BF (decimal 191)
   defining Unicode char U+00C0 (decimal 192)
   defining Unicode char U+00C1 (decimal 193)
   defining Unicode char U+00C2 (decimal 194)
   defining Unicode char U+00C3 (decimal 195)
   defining Unicode char U+00C4 (decimal 196)
   defining Unicode char U+00C5 (decimal 197)
   defining Unicode char U+00C6 (decimal 198)
   defining Unicode char U+00C7 (decimal 199)
   defining Unicode char U+00C8 (decimal 200)
   defining Unicode char U+00C9 (decimal 201)
   defining Unicode char U+00CA (decimal 202)
   defining Unicode char U+00CB (decimal 203)
   defining Unicode char U+00CC (decimal 204)
   defining Unicode char U+00CD (decimal 205)
   defining Unicode char U+00CE (decimal 206)
   defining Unicode char U+00CF (decimal 207)
   defining Unicode char U+00D0 (decimal 208)
   defining Unicode char U+00D1 (decimal 209)
   defining Unicode char U+00D2 (decimal 210)
   defining Unicode char U+00D3 (decimal 211)
   defining Unicode char U+00D4 (decimal 212)
   defining Unicode char U+00D5 (decimal 213)
   defining Unicode char U+00D6 (decimal 214)
   defining Unicode char U+00D8 (decimal 216)
   defining Unicode char U+00D9 (decimal 217)
   defining Unicode char U+00DA (decimal 218)
   defining Unicode char U+00DB (decimal 219)
   defining Unicode char U+00DC (decimal 220)
   defining Unicode char U+00DD (decimal 221)
   defining Unicode char U+00DE (decimal 222)
   defining Unicode char U+00DF (decimal 223)
   defining Unicode char U+00E0 (decimal 224)
   defining Unicode char U+00E1 (decimal 225)
   defining Unicode char U+00E2 (decimal 226)
   defining Unicode char U+00E3 (decimal 227)
   defining Unicode char U+00E4 (decimal 228)
   defining Unicode char U+00E5 (decimal 229)
   defining Unicode char U+00E6 (decimal 230)
   defining Unicode char U+00E7 (decimal 231)
   defining Unicode char U+00E8 (decimal 232)
   defining Unicode char U+00E9 (decimal 233)
   defining Unicode char U+00EA (decimal 234)
   defining Unicode char U+00EB (decimal 235)
   defining Unicode char U+00EC (decimal 236)
   defining Unicode char U+00ED (decimal 237)
   defining Unicode char U+00EE (decimal 238)
   defining Unicode char U+00EF (decimal 239)
   defining Unicode char U+00F0 (decimal 240)
   defining Unicode char U+00F1 (decimal 241)
   defining Unicode char U+00F2 (decimal 242)
   defining Unicode char U+00F3 (decimal 243)
   defining Unicode char U+00F4 (decimal 244)
   defining Unicode char U+00F5 (decimal 245)
   defining Unicode char U+00F6 (decimal 246)
   defining Unicode char U+00F8 (decimal 248)
   defining Unicode char U+00F9 (decimal 249)
   defining Unicode char U+00FA (decimal 250)
   defining Unicode char U+00FB (decimal 251)
   defining Unicode char U+00FC (decimal 252)
   defining Unicode char U+00FD (decimal 253)
   defining Unicode char U+00FE (decimal 254)
   defining Unicode char U+00FF (decimal 255)
   defining Unicode char U+0100 (decimal 256)
   defining Unicode char U+0101 (decimal 257)
   defining Unicode char U+0102 (decimal 258)
   defining Unicode char U+0103 (decimal 259)
   defining Unicode char U+0104 (decimal 260)
   defining Unicode char U+0105 (decimal 261)
   defining Unicode char U+0106 (decimal 262)
   defining Unicode char U+0107 (decimal 263)
   defining Unicode char U+0108 (decimal 264)
   defining Unicode char U+0109 (decimal 265)
   defining Unicode char U+010A (decimal 266)
   defining Unicode char U+010B (decimal 267)
   defining Unicode char U+010C (decimal 268)
   defining Unicode char U+010D (decimal 269)
   defining Unicode char U+010E (decimal 270)
   defining Unicode char U+010F (decimal 271)
   defining Unicode char U+0110 (decimal 272)
   defining Unicode char U+0111 (decimal 273)
   defining Unicode char U+0112 (decimal 274)
   defining Unicode char U+0113 (decimal 275)
   defining Unicode char U+0114 (decimal 276)
   defining Unicode char U+0115 (decimal 277)
   defining Unicode char U+0116 (decimal 278)
   defining Unicode char U+0117 (decimal 279)
   defining Unicode char U+0118 (decimal 280)
   defining Unicode char U+0119 (decimal 281)
   defining Unicode char U+011A (decimal 282)
   defining Unicode char U+011B (decimal 283)
   defining Unicode char U+011C (decimal 284)
   defining Unicode char U+011D (decimal 285)
   defining Unicode char U+011E (decimal 286)
   defining Unicode char U+011F (decimal 287)
   defining Unicode char U+0120 (decimal 288)
   defining Unicode char U+0121 (decimal 289)
   defining Unicode char U+0122 (decimal 290)
   defining Unicode char U+0123 (decimal 291)
   defining Unicode char U+0124 (decimal 292)
   defining Unicode char U+0125 (decimal 293)
   defining Unicode char U+0128 (decimal 296)
   defining Unicode char U+0129 (decimal 297)
   defining Unicode char U+012A (decimal 298)
   defining Unicode char U+012B (decimal 299)
   defining Unicode char U+012C (decimal 300)
   defining Unicode char U+012D (decimal 301)
   defining Unicode char U+012E (decimal 302)
   defining Unicode char U+012F (decimal 303)
   defining Unicode char U+0130 (decimal 304)
   defining Unicode char U+0131 (decimal 305)
   defining Unicode char U+0132 (decimal 306)
   defining Unicode char U+0133 (decimal 307)
   defining Unicode char U+0134 (decimal 308)
   defining Unicode char U+0135 (decimal 309)
   defining Unicode char U+0136 (decimal 310)
   defining Unicode char U+0137 (decimal 311)
   defining Unicode char U+0139 (decimal 313)
   defining Unicode char U+013A (decimal 314)
   defining Unicode char U+013B (decimal 315)
   defining Unicode char U+013C (decimal 316)
   defining Unicode char U+013D (decimal 317)
   defining Unicode char U+013E (decimal 318)
   defining Unicode char U+0141 (decimal 321)
   defining Unicode char U+0142 (decimal 322)
   defining Unicode char U+0143 (decimal 323)
   defining Unicode char U+0144 (decimal 324)
   defining Unicode char U+0145 (decimal 325)
   defining Unicode char U+0146 (decimal 326)
   defining Unicode char U+0147 (decimal 327)
   defining Unicode char U+0148 (decimal 328)
   defining Unicode char U+014A (decimal 330)
   defining Unicode char U+014B (decimal 331)
   defining Unicode char U+014C (decimal 332)
   defining Unicode char U+014D (decimal 333)
   defining Unicode char U+014E (decimal 334)
   defining Unicode char U+014F (decimal 335)
   defining Unicode char U+0150 (decimal 336)
   defining Unicode char U+0151 (decimal 337)
   defining Unicode char U+0152 (decimal 338)
   defining Unicode char U+0153 (decimal 339)
   defining Unicode char U+0154 (decimal 340)
   defining Unicode char U+0155 (decimal 341)
   defining Unicode char U+0156 (decimal 342)
   defining Unicode char U+0157 (decimal 343)
   defining Unicode char U+0158 (decimal 344)
   defining Unicode char U+0159 (decimal 345)
   defining Unicode char U+015A (decimal 346)
   defining Unicode char U+015B (decimal 347)
   defining Unicode char U+015C (decimal 348)
   defining Unicode char U+015D (decimal 349)
   defining Unicode char U+015E (decimal 350)
   defining Unicode char U+015F (decimal 351)
   defining Unicode char U+0160 (decimal 352)
   defining Unicode char U+0161 (decimal 353)
   defining Unicode char U+0162 (decimal 354)
   defining Unicode char U+0163 (decimal 355)
   defining Unicode char U+0164 (decimal 356)
   defining Unicode char U+0165 (decimal 357)
   defining Unicode char U+0168 (decimal 360)
   defining Unicode char U+0169 (decimal 361)
   defining Unicode char U+016A (decimal 362)
   defining Unicode char U+016B (decimal 363)
   defining Unicode char U+016C (decimal 364)
   defining Unicode char U+016D (decimal 365)
   defining Unicode char U+016E (decimal 366)
   defining Unicode char U+016F (decimal 367)
   defining Unicode char U+0170 (decimal 368)
   defining Unicode char U+0171 (decimal 369)
   defining Unicode char U+0172 (decimal 370)
   defining Unicode char U+0173 (decimal 371)
   defining Unicode char U+0174 (decimal 372)
   defining Unicode char U+0175 (decimal 373)
   defining Unicode char U+0176 (decimal 374)
   defining Unicode char U+0177 (decimal 375)
   defining Unicode char U+0178 (decimal 376)
   defining Unicode char U+0179 (decimal 377)
   defining Unicode char U+017A (decimal 378)
   defining Unicode char U+017B (decimal 379)
   defining Unicode char U+017C (decimal 380)
   defining Unicode char U+017D (decimal 381)
   defining Unicode char U+017E (decimal 382)
   defining Unicode char U+01CD (decimal 461)
   defining Unicode char U+01CE (decimal 462)
   defining Unicode char U+01CF (decimal 463)
   defining Unicode char U+01D0 (decimal 464)
   defining Unicode char U+01D1 (decimal 465)
   defining Unicode char U+01D2 (decimal 466)
   defining Unicode char U+01D3 (decimal 467)
   defining Unicode char U+01D4 (decimal 468)
   defining Unicode char U+01E2 (decimal 482)
   defining Unicode char U+01E3 (decimal 483)
   defining Unicode char U+01E6 (decimal 486)
   defining Unicode char U+01E7 (decimal 487)
   defining Unicode char U+01E8 (decimal 488)
   defining Unicode char U+01E9 (decimal 489)
   defining Unicode char U+01EA (decimal 490)
   defining Unicode char U+01EB (decimal 491)
   defining Unicode char U+01F0 (decimal 496)
   defining Unicode char U+01F4 (decimal 500)
   defining Unicode char U+01F5 (decimal 501)
   defining Unicode char U+0218 (decimal 536)
   defining Unicode char U+0219 (decimal 537)
   defining Unicode char U+021A (decimal 538)
   defining Unicode char U+021B (decimal 539)
   defining Unicode char U+0232 (decimal 562)
   defining Unicode char U+0233 (decimal 563)
   defining Unicode char U+1E02 (decimal 7682)
   defining Unicode char U+1E03 (decimal 7683)
   defining Unicode char U+200C (decimal 8204)
   defining Unicode char U+2010 (decimal 8208)
   defining Unicode char U+2011 (decimal 8209)
   defining Unicode char U+2012 (decimal 8210)
   defining Unicode char U+2013 (decimal 8211)
   defining Unicode char U+2014 (decimal 8212)
   defining Unicode char U+2015 (decimal 8213)
   defining Unicode char U+2018 (decimal 8216)
   defining Unicode char U+2019 (decimal 8217)
   defining Unicode char U+201A (decimal 8218)
   defining Unicode char U+201C (decimal 8220)
   defining Unicode char U+201D (decimal 8221)
   defining Unicode char U+201E (decimal 8222)
   defining Unicode char U+2030 (decimal 8240)
   defining Unicode char U+2031 (decimal 8241)
   defining Unicode char U+2039 (decimal 8249)
   defining Unicode char U+203A (decimal 8250)
   defining Unicode char U+2423 (decimal 9251)
   defining Unicode char U+1E20 (decimal 7712)
   defining Unicode char U+1E21 (decimal 7713)
)
Now handling font encoding OT1 ...
... processing UTF-8 mapping file for font encoding OT1
 (/usr/share/texlive/texmf-dist/tex/latex/base/ot1enc.dfu
File: ot1enc.dfu 2017/01/28 v1.1t UTF-8 support for inputenc
   defining Unicode char U+00A0 (decimal 160)
   defining Unicode char U+00A1 (decimal 161)
   defining Unicode char U+00A3 (decimal 163)
   defining Unicode char U+00AD (decimal 173)
   defining Unicode char U+00B8 (decimal 184)
   defining Unicode char U+00BF (decimal 191)
   defining Unicode char U+00C5 (decimal 197)
   defining Unicode char U+00C6 (decimal 198)
   defining Unicode char U+00D8 (decimal 216)
   defining Unicode char U+00DF (decimal 223)
   defining Unicode char U+00E6 (decimal 230)
   defining Unicode char U+00EC (decimal 236)
   defining Unicode char U+00ED (decimal 237)
   defining Unicode char U+00EE (decimal 238)
   defining Unicode char U+00EF (decimal 239)
   defining Unicode char U+00F8 (decimal 248)
   defining Unicode char U+0131 (decimal 305)
   defining Unicode char U+0141 (decimal 321)
   defining Unicode char U+0142 (decimal 322)
   defining Unicode char U+0152 (decimal 338)
   defining Unicode char U+0153 (decimal 339)
   defining Unicode char U+0174 (decimal 372)
   defining Unicode char U+0175 (decimal 373)
   defining Unicode char U+0176 (decimal 374)
   defining Unicode char U+0177 (decimal 375)
   defining Unicode char U+0218 (decimal 536)
   defining Unicode char U+0219 (decimal 537)
   defining Unicode char U+021A (decimal 538)
   defining Unicode char U+021B (decimal 539)
   defining Unicode char U+2013 (decimal 8211)
   defining Unicode char U+2014 (decimal 8212)
   defining Unicode char U+2018 (decimal 8216)
   defining Unicode char U+2019 (decimal 8217)
   defining Unicode char U+201C (decimal 8220)
   defining Unicode char U+201D (decimal 8221)
)
Now handling font encoding OMS ...
... processing UTF-8 mapping file for font encoding OMS
 (/usr/share/texlive/texmf-dist/tex/latex/base/omsenc.dfu
File: omsenc.dfu 2017/01/28 v1.1t UTF-8 support for inputenc
   defining Unicode char U+00A7 (decimal 167)
   defining Unicode char U+00B6 (decimal 182)
   defining Unicode char U+00B7 (decimal 183)
   defining Unicode char U+2020 (decimal 8224)
   defining Unicode char U+2021 (decimal 8225)
   defining Unicode char U+2022 (decimal 8226)
)
Now handling font encoding OMX ...
... no UTF-8 mapping file for font encoding OMX
Now handling font encoding U ...
... no UTF-8 mapping file for font encoding U
   defining Unicode char U+00A9 (decimal 169)
   defining Unicode char U+00AA (decimal 170)
   defining Unicode char U+00AE (decimal 174)
   defining Unicode char U+00BA (decimal 186)
   defining Unicode char U+02C6 (decimal 710)
   defining Unicode char U+02DC (decimal 732)
   defining Unicode char U+200C (decimal 8204)
   defining Unicode char U+2026 (decimal 8230)
   defining Unicode char U+2122 (decimal 8482)
   defining Unicode char U+2423 (decimal 9251)
)) (/home/henrique/Dropbox/UEM-Mestrado/Pesquisa/Vignando-Dissertacao-2019/multirow.sty
\bigstrutjot=\dimen115
)
\c@defi=\count103
\c@propri=\count104
\c@conce=\count105
\c@propo=\count106
 (/home/henrique/Dropbox/UEM-Mestrado/Pesquisa/Vignando-Dissertacao-2019/algorithm.sty
Package: algorithm 2009/08/24 v0.1 Document Style `algorithm' - floating environment
\@float@every@algorithm=\toks22
\c@algorithm=\count107
) (/home/henrique/Dropbox/UEM-Mestrado/Pesquisa/Vignando-Dissertacao-2019/clrscode3e.sty
Package: clrscode3e 
\c@codelinenumber=\count108
\c@indent=\count109
\digitwidth=\skip48
\savecode=\box33
\codeboxwidth=\skip49
\c@thisindent=\count110
) (/usr/share/texlive/texmf-dist/tex/latex/graphics/lscape.sty
Package: lscape 2000/10/22 v3.01 Landscape Pages (DPC)
) (/usr/share/texlive/texmf-dist/tex/latex/appendix/appendix.sty
Package: appendix 2009/09/02 v1.2b extra appendix facilities
\c@@pps=\count111
\c@@ppsavesec=\count112
\c@@ppsaveapp=\count113
) (/usr/share/texlive/texmf-dist/tex/latex/setspace/setspace.sty
Package: setspace 2011/12/19 v6.7a set line spacing
) (/usr/share/texlive/texmf-dist/tex/latex/tools/longtable.sty
Package: longtable 2014/10/28 v4.11 Multi-page Table package (DPC)
\LTleft=\skip50
\LTright=\skip51
\LTpre=\skip52
\LTpost=\skip53
\LTchunksize=\count114
\LTcapwidth=\dimen116
\LT@head=\box34
\LT@firsthead=\box35
\LT@foot=\box36
\LT@lastfoot=\box37
\LT@cols=\count115
\LT@rows=\count116
\c@LT@tables=\count117
\c@LT@chunks=\count118
\LT@p@ftn=\toks23
) (/usr/share/texlive/texmf-dist/tex/latex/tocbibind/tocbibind.sty
Package: tocbibind 2010/10/13 v1.5k extra ToC listings
Package tocbibind Info: The document has chapter divisions on input line 50.


Package tocbibind Note: Using chapter style headings, unless overridden.

) (/usr/share/texlive/texmf-dist/tex/latex/oberdiek/epstopdf.sty
Package: epstopdf 2016/05/15 v2.6 Conversion with epstopdf on the fly (HO)
 (/usr/share/texlive/texmf-dist/tex/latex/oberdiek/epstopdf-base.sty
Package: epstopdf-base 2016/05/15 v2.6 Base part for package epstopdf
 (/usr/share/texlive/texmf-dist/tex/latex/oberdiek/grfext.sty
Package: grfext 2016/05/16 v1.2 Manage graphics extensions (HO)
 (/usr/share/texlive/texmf-dist/tex/generic/oberdiek/kvdefinekeys.sty
Package: kvdefinekeys 2016/05/16 v1.4 Define keys (HO)
)) (/usr/share/texlive/texmf-dist/tex/latex/oberdiek/kvoptions.sty
Package: kvoptions 2016/05/16 v3.12 Key value format for package options (HO)
 (/usr/share/texlive/texmf-dist/tex/generic/oberdiek/kvsetkeys.sty
Package: kvsetkeys 2016/05/16 v1.17 Key value parser (HO)
 (/usr/share/texlive/texmf-dist/tex/generic/oberdiek/etexcmds.sty
Package: etexcmds 2016/05/16 v1.6 Avoid name clashes with e-TeX commands (HO)
 (/usr/share/texlive/texmf-dist/tex/generic/oberdiek/ifluatex.sty
Package: ifluatex 2016/05/16 v1.4 Provides the ifluatex switch (HO)
Package ifluatex Info: LuaTeX not detected.
)
Package etexcmds Info: Could not find \expanded.
(etexcmds)             That can mean that you are not using pdfTeX 1.50 or
(etexcmds)             that some package has redefined \expanded.
(etexcmds)             In the latter case, load this package earlier.
))) (/usr/share/texlive/texmf-dist/tex/generic/oberdiek/pdftexcmds.sty
Package: pdftexcmds 2018/01/21 v0.26 Utility functions of pdfTeX for LuaTeX (HO)
Package pdftexcmds Info: LuaTeX not detected.
Package pdftexcmds Info: \pdf@primitive is available.
Package pdftexcmds Info: \pdf@ifprimitive is available.
Package pdftexcmds Info: \pdfdraftmode found.
)
Package epstopdf-base Info: Redefining graphics rule for `.eps' on input line 438.
Package grfext Info: Graphics extension search list:
(grfext)             [.pdf,.png,.jpg,.mps,.jpeg,.jbig2,.jb2,.PDF,.PNG,.JPG,.JPEG,.JBIG2,.JB2,.eps]
(grfext)             \AppendGraphicsExtensions on input line 456.
 (/usr/share/texlive/texmf-dist/tex/latex/latexconfig/epstopdf-sys.cfg
File: epstopdf-sys.cfg 2010/07/13 v1.3 Configuration of (r)epstopdf for TeX Live
))) (/home/henrique/Dropbox/UEM-Mestrado/Pesquisa/Vignando-Dissertacao-2019/subfigure.sty
Package: subfigure 1995/03/06 v2.0 subfigure package

Package: subfigure 1995/03/06 v2.0
\c@subfigure=\count119
\c@lofdepth=\count120
\c@subtable=\count121
\c@lotdepth=\count122
) (/usr/share/texlive/texmf-dist/tex/latex/amsfonts/amssymb.sty
Package: amssymb 2013/01/14 v3.01 AMS font symbols
 (/usr/share/texlive/texmf-dist/tex/latex/amsfonts/amsfonts.sty
Package: amsfonts 2013/01/14 v3.01 Basic AMSFonts support
\@emptytoks=\toks24
\symAMSa=\mathgroup4
\symAMSb=\mathgroup5
LaTeX Font Info:    Overwriting math alphabet `\mathfrak' in version `bold'
(Font)                  U/euf/m/n --> U/euf/b/n on input line 106.
)) (/usr/share/texlive/texmf-dist/tex/latex/amsmath/amsmath.sty
Package: amsmath 2017/09/02 v2.17a AMS math features
\@mathmargin=\skip54

For additional information on amsmath, use the `?' option.
(/usr/share/texlive/texmf-dist/tex/latex/amsmath/amstext.sty
Package: amstext 2000/06/29 v2.01 AMS text
 (/usr/share/texlive/texmf-dist/tex/latex/amsmath/amsgen.sty
File: amsgen.sty 1999/11/30 v2.0 generic functions
\@emptytoks=\toks25
\ex@=\dimen117
)) (/usr/share/texlive/texmf-dist/tex/latex/amsmath/amsbsy.sty
Package: amsbsy 1999/11/29 v1.2d Bold Symbols
\pmbraise@=\dimen118
) (/usr/share/texlive/texmf-dist/tex/latex/amsmath/amsopn.sty
Package: amsopn 2016/03/08 v2.02 operator names
)
\inf@bad=\count123
LaTeX Info: Redefining \frac on input line 213.
\uproot@=\count124
\leftroot@=\count125
LaTeX Info: Redefining \overline on input line 375.
\classnum@=\count126
\DOTSCASE@=\count127
LaTeX Info: Redefining \ldots on input line 472.
LaTeX Info: Redefining \dots on input line 475.
LaTeX Info: Redefining \cdots on input line 596.
\Mathstrutbox@=\box38
\strutbox@=\box39
\big@size=\dimen119
LaTeX Font Info:    Redeclaring font encoding OML on input line 712.
LaTeX Font Info:    Redeclaring font encoding OMS on input line 713.
\macc@depth=\count128
\c@MaxMatrixCols=\count129
\dotsspace@=\muskip10
\c@parentequation=\count130
\dspbrk@lvl=\count131
\tag@help=\toks26
\row@=\count132
\column@=\count133
\maxfields@=\count134
\andhelp@=\toks27
\eqnshift@=\dimen120
\alignsep@=\dimen121
\tagshift@=\dimen122
\tagwidth@=\dimen123
\totwidth@=\dimen124
\lineht@=\dimen125
\@envbody=\toks28
\multlinegap=\skip55
\multlinetaggap=\skip56
\mathdisplay@stack=\toks29
LaTeX Info: Redefining \[ on input line 2817.
LaTeX Info: Redefining \] on input line 2818.
) (/home/henrique/Dropbox/UEM-Mestrado/Pesquisa/Vignando-Dissertacao-2019/capaUEMquali.sty
Package: capaUEMquali 
) (/usr/share/texlive/texmf-dist/tex/latex/natbib/natbib.sty
Package: natbib 2010/09/13 8.31b (PWD, AO)
\bibhang=\skip57
\bibsep=\skip58
LaTeX Info: Redefining \cite on input line 694.
\c@NAT@ctr=\count135
) (/usr/share/texlive/texmf-dist/tex/latex/tools/verbatim.sty
Package: verbatim 2014/10/28 v1.5q LaTeX2e package for verbatim enhancements
\every@verbatim=\toks30
\verbatim@line=\toks31
\verbatim@in@stream=\read1
) (/usr/share/texlive/texmf-dist/tex/latex/tools/enumerate.sty
Package: enumerate 2015/07/23 v3.00 enumerate extensions (DPC)
\@enLab=\toks32
) (/usr/share/texlive/texmf-dist/tex/latex/colortbl/colortbl.sty
Package: colortbl 2012/02/13 v1.0a Color table columns (DPC)
 (/usr/share/texlive/texmf-dist/tex/latex/tools/array.sty
Package: array 2016/10/06 v2.4d Tabular extension package (FMi)
\col@sep=\dimen126
\extrarowheight=\dimen127
\NC@list=\toks33
\extratabsurround=\skip59
\backup@length=\skip60
)
\everycr=\toks34
\minrowclearance=\skip61
) (/home/henrique/Dropbox/UEM-Mestrado/Pesquisa/Vignando-Dissertacao-2019/textfit.sty
Package: textfit 1994/04/15
\mags@f@r=\count136
\desired@size=\dimen128
\r@mainder=\count137
\m@gstepcount=\count138
\m@gsteplimit=\count139
\m@gstepvalue=\count140
\m@gstepdimen=\dimen129
) (/usr/share/texlive/texmf-dist/tex/latex/tools/tabularx.sty
Package: tabularx 2016/02/03 v2.11 `tabularx' package (DPC)
\TX@col@width=\dimen130
\TX@old@table=\dimen131
\TX@old@col=\dimen132
\TX@target=\dimen133
\TX@delta=\dimen134
\TX@cols=\count141
\TX@ftn=\toks35
) (/usr/share/texlive/texmf-dist/tex/latex/graphics/rotating.sty
Package: rotating 2016/08/11 v2.16d rotated objects in LaTeX
\c@r@tfl@t=\count142
\rotFPtop=\skip62
\rotFPbot=\skip63
\rot@float@box=\box40
\rot@mess@toks=\toks36
) (/usr/share/texlive/texmf-dist/tex/latex/url/url.sty
\Urlmuskip=\muskip11
Package: url 2013/09/16  ver 3.4  Verb mode for urls, etc.
) (/usr/share/texlive/texmf-dist/tex/latex/placeins/placeins.sty
Package: placeins 2005/04/18  v 2.2
) (/usr/share/texlive/texmf-dist/tex/latex/tools/afterpage.sty
Package: afterpage 2014/10/28 v1.08 After-Page Package (DPC)
\AP@output=\toks37
\AP@partial=\box41
\AP@footins=\box42
) (/usr/share/texlive/texmf-dist/tex/latex/booktabs/booktabs.sty
Package: booktabs 2016/04/27 v1.618033 publication quality tables
\heavyrulewidth=\dimen135
\lightrulewidth=\dimen136
\cmidrulewidth=\dimen137
\belowrulesep=\dimen138
\belowbottomsep=\dimen139
\aboverulesep=\dimen140
\abovetopsep=\dimen141
\cmidrulesep=\dimen142
\cmidrulekern=\dimen143
\defaultaddspace=\dimen144
\@cmidla=\count143
\@cmidlb=\count144
\@aboverulesep=\dimen145
\@belowrulesep=\dimen146
\@thisruleclass=\count145
\@lastruleclass=\count146
\@thisrulewidth=\dimen147
) (/usr/share/texlive/texmf-dist/tex/latex/adjustbox/adjustbox.sty
Package: adjustbox 2012/05/21 v1.0 Adjusting TeX boxes (trim, clip, ...)
 (/usr/share/texlive/texmf-dist/tex/latex/xkeyval/xkeyval.sty
Package: xkeyval 2014/12/03 v2.7a package option processing (HA)
 (/usr/share/texlive/texmf-dist/tex/generic/xkeyval/xkeyval.tex (/usr/share/texlive/texmf-dist/tex/generic/xkeyval/xkvutils.tex
\XKV@toks=\toks38
\XKV@tempa@toks=\toks39
)
\XKV@depth=\count147
File: xkeyval.tex 2014/12/03 v2.7a key=value parser (HA)
)) (/usr/share/texlive/texmf-dist/tex/latex/adjustbox/adjcalc.sty
Package: adjcalc 2012/05/16 v1.1 Provides advanced setlength with multiple back-ends (calc, etex, pgfmath)
) (/usr/share/texlive/texmf-dist/tex/latex/adjustbox/trimclip.sty
Package: trimclip 2012/05/16 v1.0 Trim and clip general TeX material
 (/usr/share/texlive/texmf-dist/tex/latex/collectbox/collectbox.sty
Package: collectbox 2012/05/17 v0.4b Collect macro arguments as boxes
\collectedbox=\box43
)
\tc@llx=\dimen148
\tc@lly=\dimen149
\tc@urx=\dimen150
\tc@ury=\dimen151
Package trimclip Info: Using driver 'tc-pdftex.def'.
 (/usr/share/texlive/texmf-dist/tex/latex/adjustbox/tc-pdftex.def
File: tc-pdftex.def 2012/05/13 v1.0 Clipping driver for pdftex
))
\adjbox@Width=\dimen152
\adjbox@Height=\dimen153
\adjbox@Depth=\dimen154
\adjbox@Totalheight=\dimen155
 (/usr/share/texlive/texmf-dist/tex/latex/ifoddpage/ifoddpage.sty
Package: ifoddpage 2016/04/23 v1.1 Conditionals for odd/even page detection
\c@checkoddpage=\count148
) (/usr/share/texlive/texmf-dist/tex/latex/varwidth/varwidth.sty
Package: varwidth 2009/03/30 ver 0.92;  Variable-width minipages
\@vwid@box=\box44
\sift@deathcycles=\count149
\@vwid@loff=\dimen156
\@vwid@roff=\dimen157
)) (/home/henrique/Dropbox/UEM-Mestrado/Pesquisa/Vignando-Dissertacao-2019/geometry.sty
Package: geometry 1998/04/08 v2.0a Page Geometry
\geom@cnth=\count150
\geom@cntv=\count151
)
\c@capkind=\count152
 (/home/henrique/Dropbox/UEM-Mestrado/Pesquisa/Vignando-Dissertacao-2019/main_utf8.aux)
\openout1 = `main_utf8.aux'.

LaTeX Font Info:    Checking defaults for OML/cmm/m/it on input line 304.
LaTeX Font Info:    ... okay on input line 304.
LaTeX Font Info:    Checking defaults for T1/cmr/m/n on input line 304.
LaTeX Font Info:    ... okay on input line 304.
LaTeX Font Info:    Checking defaults for OT1/cmr/m/n on input line 304.
LaTeX Font Info:    ... okay on input line 304.
LaTeX Font Info:    Checking defaults for OMS/cmsy/m/n on input line 304.
LaTeX Font Info:    ... okay on input line 304.
LaTeX Font Info:    Checking defaults for OMX/cmex/m/n on input line 304.
LaTeX Font Info:    ... okay on input line 304.
LaTeX Font Info:    Checking defaults for U/cmr/m/n on input line 304.
LaTeX Font Info:    ... okay on input line 304.
\c@lstlisting=\count153
\AtBeginShipoutBox=\box45
 (/usr/share/texlive/texmf-dist/tex/context/base/mkii/supp-pdf.mkii
[Loading MPS to PDF converter (version 2006.09.02).]
\scratchcounter=\count154
\scratchdimen=\dimen158
\scratchbox=\box46
\nofMPsegments=\count155
\nofMParguments=\count156
\everyMPshowfont=\toks40
\MPscratchCnt=\count157
\MPscratchDim=\dimen159
\MPnumerator=\count158
\makeMPintoPDFobject=\count159
\everyMPtoPDFconversion=\toks41
) (/usr/share/texlive/texmf-dist/tex/latex/oberdiek/pdflscape.sty
Package: pdflscape 2016/05/14 v0.11 Display of landscape pages in PDF (HO)
Package pdflscape Info: Auto-detected driver: pdftex on input line 81.
 (/usr/share/texlive/texmf-dist/tex/generic/ifxetex/ifxetex.sty
Package: ifxetex 2010/09/12 v0.6 Provides ifxetex conditional
))
----------------------- Geometry parameters
mode: a4paper pdftex 
h-parts: 3cm, 455.24411pt, 2cm
v-parts: 3cm, 702.78308pt, 2cm
----------------------- Page layout dimensions
\paperwidth  597.50787pt
\paperheight 845.04684pt
\textwidth  455.24411pt
\textheight 646.94972pt
\oddsidemargin  13.08827pt
\evensidemargin 13.08827pt
\topmargin  13.08827pt
\headheight 15.50002pt
\headsep    10.33334pt
\footskip   30.0pt
\hoffset 0.0pt
\voffset 0.0pt
(1in=72.27pt, 1cm=28.45pt)
-----------------------
[1


{/var/lib/texmf/fonts/map/pdftex/updmap/pdftex.map}]
Underfull \hbox (badness 7291) in paragraph at lines 352--352
[]\OT1/cmr/m/n/12 Projeto de dis-serta^^Xc~ao apre-sen-tado ao
 []


Underfull \hbox (badness 1406) in paragraph at lines 352--352
\OT1/cmr/m/n/12 Pro-grama de P^^Sos-Gradua^^Xc~ao em Ci^encia
 []


Underfull \hbox (badness 10000) in paragraph at lines 352--352
\OT1/cmr/m/n/12 da Com-puta^^Xc~ao do De-par-ta-mento de
 []


Underfull \hbox (badness 7888) in paragraph at lines 352--352
\OT1/cmr/m/n/12 In-form^^Satica, Cen-tro de Tec-no-lo-gia da
 []


Underfull \hbox (badness 10000) in paragraph at lines 352--352

 []

[1

]
\openout2 = `texto/_resumo.aux'.

 (/home/henrique/Dropbox/UEM-Mestrado/Pesquisa/Vignando-Dissertacao-2019/texto/_resumo.tex
Underfull \hbox (badness 10000) in paragraph at lines 13--14

 []

[2


]) [3]
\openout2 = `texto/_abstract.aux'.

 (/home/henrique/Dropbox/UEM-Mestrado/Pesquisa/Vignando-Dissertacao-2019/texto/_abstract.tex
Underfull \hbox (badness 10000) in paragraph at lines 13--14

 []

[4



] [5])
No file main_utf8.lof.
\tf@lof=\write3
\openout3 = `main_utf8.lof'.

[6

]
No file main_utf8.lot.
\tf@lot=\write4
\openout4 = `main_utf8.lot'.

[7]
\openout2 = `texto/_abreviaturas.aux'.

 (/home/henrique/Dropbox/UEM-Mestrado/Pesquisa/Vignando-Dissertacao-2019/texto/_abreviaturas.tex) [8


]
No file main_utf8.toc.
\tf@toc=\write5
\openout5 = `main_utf8.toc'.

[9

]
\openout2 = `texto/_introducao.aux'.

 (/home/henrique/Dropbox/UEM-Mestrado/Pesquisa/Vignando-Dissertacao-2019/texto/_introducao.tex
Cap\'{\i }tulo 1.
LaTeX Font Info:    Try loading font information for U+msa on input line 1.
(/usr/share/texlive/texmf-dist/tex/latex/amsfonts/umsa.fd
File: umsa.fd 2013/01/14 v3.01 AMS symbols A
)
LaTeX Font Info:    Try loading font information for U+msb on input line 1.
 (/usr/share/texlive/texmf-dist/tex/latex/amsfonts/umsb.fd
File: umsb.fd 2013/01/14 v3.01 AMS symbols B
)

LaTeX Font Warning: Font shape `OT1/cmss/m/sc' in size <14.4> not available
(Font)              Font shape `OT1/cmr/m/sc' tried instead on input line 1.


Package natbib Warning: Citation `kitchenham2007large' on page 10 undefined on input line 6.


Package natbib Warning: Citation `wohlin2012experimentation' on page 10 undefined on input line 6.


Package natbib Warning: Citation `robillard2010recommendation' on page 10 undefined on input line 8.

[10


] [11]
LaTeX Font Info:    Try loading font information for OMS+cmr on input line 34.
 (/usr/share/texlive/texmf-dist/tex/latex/base/omscmr.fd
File: omscmr.fd 2014/09/29 v2.5h Standard LaTeX font definitions
)
LaTeX Font Info:    Font shape `OMS/cmr/m/n' in size <12> not available
(Font)              Font shape `OMS/cmsy/m/n' tried instead on input line 34.


LaTeX Warning: Reference `fig:metodologia_flow' on page 12 undefined on input line 44.

<figuras/metodologia_flow.png, id=51, 1140.26pt x 416.55624pt>
File: figuras/metodologia_flow.png Graphic file (type png)
<use figuras/metodologia_flow.png>
Package pdftex.def Info: figuras/metodologia_flow.png  used on input line 48.
(pdftex.def)             Requested size: 456.09592pt x 166.61954pt.

Overfull \hbox (0.8518pt too wide) in paragraph at lines 48--49
 [][] 
 []

[12] [13 </home/henrique/Dropbox/UEM-Mestrado/Pesquisa/Vignando-Dissertacao-2019/figuras/metodologia_flow.png>]
<figuras/RSSE-overview.png, id=62, 869.2475pt x 351.3125pt>
File: figuras/RSSE-overview.png Graphic file (type png)
<use figuras/RSSE-overview.png>
Package pdftex.def Info: figuras/RSSE-overview.png  used on input line 68.
(pdftex.def)             Requested size: 434.62268pt x 175.6558pt.


LaTeX Warning: Reference `fig:RSSE-overview' on page 14 undefined on input line 74.


Overfull \hbox (41.33408pt too wide) in paragraph at lines 90--91
\OT1/cmr/m/n/12 Todo pro-jeto est^^Sa sendo ver-si-o-nado no Github pelo link: https://github.com/rickvig/pcc-pesquisa. 
 []

[14 </home/henrique/Dropbox/UEM-Mestrado/Pesquisa/Vignando-Dissertacao-2019/figuras/RSSE-overview.png>]) [15]
\openout2 = `texto/_fundamentacao_teorica.aux'.

 (/home/henrique/Dropbox/UEM-Mestrado/Pesquisa/Vignando-Dissertacao-2019/texto/_fundamentacao_teorica.tex
Cap\'{\i }tulo 2.

Package natbib Warning: Citation `northrop2007framework' on page 16 undefined on input line 14.


Package natbib Warning: Citation `van2007product' on page 16 undefined on input line 16.


Package natbib Warning: Citation `apel2013analytic' on page 16 undefined on input line 18.


Package natbib Warning: Citation `apel2013analytic' on page 16 undefined on input line 18.

[16



]

Package natbib Warning: Citation `halmans2003communicating' on page 17 undefined on input line 25.

<figuras/exemplo_lps_pt.png, id=73, 1406.3742pt x 685.6014pt>
File: figuras/exemplo_lps_pt.png Graphic file (type png)
<use figuras/exemplo_lps_pt.png>
Package pdftex.def Info: figuras/exemplo_lps_pt.png  used on input line 31.
(pdftex.def)             Requested size: 464.10493pt x 226.24916pt.

Overfull \hbox (8.86082pt too wide) in paragraph at lines 31--32
 [][] 
 []


Package natbib Warning: Citation `sommerville2011software' on page 17 undefined on input line 33.


Package natbib Warning: Citation `sommerville2011software' on page 17 undefined on input line 33.


LaTeX Warning: Reference `fig:exemplo-lps' on page 17 undefined on input line 37.

[17 </home/henrique/Dropbox/UEM-Mestrado/Pesquisa/Vignando-Dissertacao-2019/figuras/exemplo_lps_pt.png>]

Package natbib Warning: Citation `pohl2005software' on page 18 undefined on input line 60.


LaTeX Warning: Reference `fig:framework-lps' on page 18 undefined on input line 60.

[18]
<figuras/framewor_lps.png, id=82, 1179.40625pt x 927.465pt>
File: figuras/framewor_lps.png Graphic file (type png)
<use figuras/framewor_lps.png>
Package pdftex.def Info: figuras/framewor_lps.png  used on input line 70.
(pdftex.def)             Requested size: 436.37349pt x 343.15668pt.


LaTeX Font Warning: Font shape `OT1/cmss/bx/it' undefined
(Font)              using `OT1/cmss/bx/n' instead on input line 77.


Package natbib Warning: Citation `wohlin2012experimentation' on page 19 undefined on input line 80.

[19 </home/henrique/Dropbox/UEM-Mestrado/Pesquisa/Vignando-Dissertacao-2019/figuras/framewor_lps.png>]

Package natbib Warning: Citation `kitchenham2015evidence' on page 20 undefined on input line 82.


LaTeX Warning: Reference `fig:experimento' on page 20 undefined on input line 82.


Package natbib Warning: Citation `wohlin2012experimentation' on page 20 undefined on input line 82.

<figuras/experimento.png, id=86, 1108.14pt x 772.8875pt>
File: figuras/experimento.png Graphic file (type png)
<use figuras/experimento.png>
Package pdftex.def Info: figuras/experimento.png  used on input line 86.
(pdftex.def)             Requested size: 410.00539pt x 285.9639pt.

Package natbib Warning: Citation `wohlin2012experimentation' on page 20 undefined on input line 88.


Package natbib Warning: Citation `wohlin2012experimentation' on page 20 undefined on input line 88.


Package natbib Warning: Citation `kitchenham2015evidence' on page 20 undefined on input line 96.

[20 </home/henrique/Dropbox/UEM-Mestrado/Pesquisa/Vignando-Dissertacao-2019/figuras/experimento.png>]

Package natbib Warning: Citation `kitchenham2015evidence' on page 21 undefined on input line 99.


Package natbib Warning: Citation `wohlin2012experimentation' on page 21 undefined on input line 101.


Package natbib Warning: Citation `wohlin2012experimentation' on page 21 undefined on input line 103.


LaTeX Warning: Reference `fig:proc_exp' on page 21 undefined on input line 103.

<figuras/proc_exp.png, id=90, 1124.2pt x 738.76pt>
File: figuras/proc_exp.png Graphic file (type png)
<use figuras/proc_exp.png>
Package pdftex.def Info: figuras/proc_exp.png  used on input line 107.
(pdftex.def)             Requested size: 415.9475pt x 273.33691pt.

Package natbib Warning: Citation `wohlin2012experimentation' on page 21 undefined on input line 109.


Package natbib Warning: Citation `wohlin2012experimentation' on page 21 undefined on input line 109.


Package natbib Warning: Citation `kitchenham2015evidence' on page 21 undefined on input line 117.

[21]

Package natbib Warning: Citation `dieste2013challenges' on page 22 undefined on input line 129.


Package natbib Warning: Citation `dieste2013challenges' on page 22 undefined on input line 129.

[22 </home/henrique/Dropbox/UEM-Mestrado/Pesquisa/Vignando-Dissertacao-2019/figuras/proc_exp.png>]

LaTeX Warning: Reference `tab:conceito_qualidade' on page 23 undefined on input line 131.


LaTeX Warning: No positions in optional float specifier.
               Default added (so using `!htb') on input line 135.


Package natbib Warning: Citation `kitchenham2007large' on page 23 undefined on input line 138.


Package natbib Warning: Citation `kitchenham2007large' on page 23 undefined on input line 138.


Package natbib Warning: Citation `dieste2011systematic' on page 23 undefined on input line 149.


Package natbib Warning: Citation `dieste2013challenges' on page 23 undefined on input line 149.


Package natbib Warning: Citation `dieste2011systematic' on page 23 undefined on input line 149.


Package natbib Warning: Citation `dieste2011systematic' on page 23 undefined on input line 151.


Package natbib Warning: Citation `dieste2013challenges' on page 23 undefined on input line 151.


Package natbib Warning: Citation `teixeira2014analise' on page 23 undefined on input line 151.


Package natbib Warning: Citation `kampenes2007quality' on page 23 undefined on input line 153.

[23]

Package natbib Warning: Citation `kitchenham2007large' on page 24 undefined on input line 158.


Package natbib Warning: Citation `kitchenham2015evidence' on page 24 undefined on input line 160.


Package natbib Warning: Citation `dieste2011systematic' on page 24 undefined on input line 162.


Package natbib Warning: Citation `kitchenham2007large' on page 24 undefined on input line 162.


Package natbib Warning: Citation `wolff1962philosophia' on page 24 undefined on input line 169.


Package natbib Warning: Citation `gruber1993ontology' on page 24 undefined on input line 169.

[24]

Package natbib Warning: Citation `calvanese2005dl' on page 25 undefined on input line 173.


LaTeX Warning: Reference `fig:estrct_onto' on page 25 undefined on input line 175.

<figuras/estrutura_ontologia.png, id=104, 357.4956pt x 296.7888pt>
File: figuras/estrutura_ontologia.png Graphic file (type png)
<use figuras/estrutura_ontologia.png>
Package pdftex.def Info: figuras/estrutura_ontologia.png  used on input line 179.
(pdftex.def)             Requested size: 250.24521pt x 207.75073pt.
<figuras/exemplo_ontologia.png, id=105, 979.66pt x 683.55376pt>
File: figuras/exemplo_ontologia.png Graphic file (type png)
<use figuras/exemplo_ontologia.png>
Package pdftex.def Info: figuras/exemplo_ontologia.png  used on input line 187.
(pdftex.def)             Requested size: 440.84293pt x 307.59634pt.

LaTeX Warning: Reference `fig:exemplo_ont' on page 25 undefined on input line 193.


Package natbib Warning: Citation `ricci2011introduction' on page 25 undefined on input line 199.


Package natbib Warning: Citation `mahmood2009improving' on page 25 undefined on input line 199.

[25 </home/henrique/Dropbox/UEM-Mestrado/Pesquisa/Vignando-Dissertacao-2019/figuras/estrutura_ontologia.png>]

Package natbib Warning: Citation `allen2001econometric' on page 26 undefined on input line 203.


Package natbib Warning: Citation `murthi2003role' on page 26 undefined on input line 203.


Package natbib Warning: Citation `kwong1992dynamic' on page 26 undefined on input line 203.


Package natbib Warning: Citation `resnick1997recommender' on page 26 undefined on input line 203.

[26 </home/henrique/Dropbox/UEM-Mestrado/Pesquisa/Vignando-Dissertacao-2019/figuras/exemplo_ontologia.png>]
\c@mydef=\count160


LaTeX Warning: Reference `eq:form_sis_rec' on page 27 undefined on input line 209.


Package natbib Warning: Citation `robillard2010recommendation' on page 27 undefined on input line 225.


Package natbib Warning: Citation `robillard2010recommendation' on page 27 undefined on input line 225.


Overfull \hbox (43.44154pt too wide) in paragraph at lines 224--226
[]\OT1/cmr/bx/it/12 Collaborative Fil-te-ring\OT1/cmr/bx/n/12 : \OT1/cmr/m/n/12 A Fil-tra-gem Co-la-bo-ra-tiva baseia-se na ideia de "boca-a-boca"em
 []

[27]

Package natbib Warning: Citation `robillard2010recommendation' on page 28 undefined on input line 228.


Package natbib Warning: Citation `robillard2010recommendation' on page 28 undefined on input line 228.


Package natbib Warning: Citation `jannach2010recommender' on page 28 undefined on input line 234.


Package natbib Warning: Citation `rahman2013ide' on page 28 undefined on input line 238.


Package natbib Warning: Citation `rahman2013ide' on page 28 undefined on input line 238.


LaTeX Warning: Reference `eq:form_sis_rec_ca' on page 28 undefined on input line 238.

[28]

Package natbib Warning: Citation `robillard2010recommendation' on page 29 undefined on input line 250.


Package natbib Warning: Citation `robillard2010recommendation' on page 29 undefined on input line 252.

[29]

Package natbib Warning: Citation `robillard2010recommendation' on page 30 undefined on input line 265.


Package natbib Warning: Citation `rahman2014towards' on page 30 undefined on input line 267.

<figuras/rsse.png, id=125, 833.1125pt x 507.8975pt>
File: figuras/rsse.png Graphic file (type png)
<use figuras/rsse.png>
Package pdftex.def Info: figuras/rsse.png  used on input line 271.
(pdftex.def)             Requested size: 416.55524pt x 253.94814pt.

Package natbib Warning: Citation `maki2016systematic' on page 30 undefined on input line 273.


Package natbib Warning: Citation `maki2016systematic' on page 30 undefined on input line 273.


LaTeX Warning: Reference `fig:rsse' on page 30 undefined on input line 277.


Package natbib Warning: Citation `maki2016systematic' on page 30 undefined on input line 279.

[30 </home/henrique/Dropbox/UEM-Mestrado/Pesquisa/Vignando-Dissertacao-2019/figuras/rsse.png>]

LaTeX Warning: Reference `tab:tec_x_doman' on page 31 undefined on input line 295.


LaTeX Warning: No positions in optional float specifier.
               Default added (so using `!htb') on input line 297.


Package natbib Warning: Citation `maki2016systematic' on page 31 undefined on input line 299.


Package natbib Warning: Citation `maki2016systematic' on page 31 undefined on input line 299.


Overfull \hbox (37.84239pt too wide) in paragraph at lines 301--315
 [][] 
 []


Package natbib Warning: Citation `garcia2008ontology' on page 31 undefined on input line 325.


Package natbib Warning: Citation `scatalon2011packaging' on page 31 undefined on input line 325.


Package natbib Warning: Citation `da2012foundational' on page 31 undefined on input line 325.


Package natbib Warning: Citation `blondet2016ode' on page 31 undefined on input line 325.


Package natbib Warning: Citation `soldatova2006ontology' on page 31 undefined on input line 325.


Package natbib Warning: Citation `gelernter2016challenges' on page 31 undefined on input line 325.


Package natbib Warning: Citation `cruzes2007extracting' on page 31 undefined on input line 325.

[31]

Package natbib Warning: Citation `garcia2008ontology' on page 32 undefined on input line 327.


Package natbib Warning: Citation `scatalon2011packaging' on page 32 undefined on input line 327.


Package natbib Warning: Citation `da2012foundational' on page 32 undefined on input line 327.


Package natbib Warning: Citation `garcia2008ontology' on page 32 undefined on input line 327.


Package natbib Warning: Citation `scatalon2011packaging' on page 32 undefined on input line 327.


Package natbib Warning: Citation `garcia2008ontology' on page 32 undefined on input line 327.


Package natbib Warning: Citation `da2012foundational' on page 32 undefined on input line 327.


Package natbib Warning: Citation `blondet2016ode' on page 32 undefined on input line 329.


Package natbib Warning: Citation `soldatova2006ontology' on page 32 undefined on input line 329.


Package natbib Warning: Citation `blondet2016ode' on page 32 undefined on input line 329.


Package natbib Warning: Citation `soldatova2006ontology' on page 32 undefined on input line 329.

[32]

Package natbib Warning: Citation `gelernter2016challenges' on page 33 undefined on input line 331.


Package natbib Warning: Citation `cruzes2007extracting' on page 33 undefined on input line 333.

) [33]
\openout2 = `texto/_ontologia.aux'.

 (/home/henrique/Dropbox/UEM-Mestrado/Pesquisa/Vignando-Dissertacao-2019/texto/_ontologia.tex
Cap\'{\i }tulo 3.

Package natbib Warning: Citation `almeida2003visao' on page 34 undefined on input line 16.


LaTeX Warning: Reference `tab:type_ontology' on page 34 undefined on input line 16.


LaTeX Warning: No positions in optional float specifier.
               Default added (so using `!htb') on input line 18.


Overfull \hbox (201.34377pt too wide) in paragraph at lines 21--32
[][] 
 []


Package natbib Warning: Citation `fernanda2007modelagem' on page 34 undefined on input line 36.

[34



]
<figuras/graph-all-class.pdf, id=143, 597.50786pt x 654.41339pt>
File: figuras/graph-all-class.pdf Graphic file (type pdf)
<use figuras/graph-all-class.pdf>
Package pdftex.def Info: figuras/graph-all-class.pdf  used on input line 50.
(pdftex.def)             Requested size: 312.9803pt x 342.78331pt.


LaTeX Warning: Reference `figure:graph-all-class' on page 35 undefined on input line 55.


LaTeX Warning: Reference `tab:class_sub_class_ontology' on page 35 undefined on input line 55.


LaTeX Warning: No positions in optional float specifier.
               Default added (so using `!htb') on input line 57.


LaTeX Warning: Float too large for page by 98.53354pt on input line 108.


Package natbib Warning: Citation `Furtado2018' on page 35 undefined on input line 110.

[35]

Package natbib Warning: Citation `wohlin2012' on page 36 undefined on input line 112.

<figuras/conceptual-model-clustering.pdf, id=147, 1330.9725pt x 2032.59375pt>
File: figuras/conceptual-model-clustering.pdf Graphic file (type pdf)
<use figuras/conceptual-model-clustering.pdf>
Package pdftex.def Info: figuras/conceptual-model-clustering.pdf  used on input line 116.
(pdftex.def)             Requested size: 266.18979pt x 406.51155pt.

LaTeX Warning: Reference `figure:conceptual_model_clustering' on page 36 undefined on input line 121.

[36 </home/henrique/Dropbox/UEM-Mestrado/Pesquisa/Vignando-Dissertacao-2019/figuras/graph-all-class.pdf>]
<figuras/class-diagram-ontology.png, id=154, 2086.79625pt x 1045.9075pt>
File: figuras/class-diagram-ontology.png Graphic file (type png)
<use figuras/class-diagram-ontology.png>
Package pdftex.def Info: figuras/class-diagram-ontology.png  used on input line 127.
(pdftex.def)             Requested size: 417.35185pt x 209.1778pt.


LaTeX Warning: Reference `figure:class_diagram_ontology' on page 37 undefined on input line 132.


Package natbib Warning: Citation `DBLP:journals/aimatters/Musen15' on page 37 undefined on input line 134.

[37 </home/henrique/Dropbox/UEM-Mestrado/Pesquisa/Vignando-Dissertacao-2019/figuras/conceptual-model-clustering.pdf>]

/home/henrique/Dropbox/UEM-Mestrado/Pesquisa/Vignando-Dissertacao-2019/texto/_ontologia.tex:155: LaTeX Error: Environment tabu undefined.

See the LaTeX manual or LaTeX Companion for explanation.
Type  H <return>  for immediate help.
 ...                                              
                                                  
l.155 	\begin{tabu}
                    to \textwidth {| p{1.4cm} | p{15.6cm} |}
Your command was ignored.
Type  I <command> <return>  to replace it with another command,
or  <return>  to continue without it.

/home/henrique/Dropbox/UEM-Mestrado/Pesquisa/Vignando-Dissertacao-2019/texto/_ontologia.tex:155: Missing number, treated as zero.
<to be read again> 
                   {
l.155 	\begin{tabu} to \textwidth {
                                   | p{1.4cm} | p{15.6cm} |}
A number should have been here; I inserted `0'.
(If you can't figure out why I needed to see a number,
look up `weird error' in the index to The TeXbook.)

/home/henrique/Dropbox/UEM-Mestrado/Pesquisa/Vignando-Dissertacao-2019/texto/_ontologia.tex:155: Illegal unit of measure (pt inserted).
<to be read again> 
                   {
l.155 	\begin{tabu} to \textwidth {
                                   | p{1.4cm} | p{15.6cm} |}
Dimensions can be in units of em, ex, in, pt, pc,
cm, mm, dd, cc, nd, nc, bp, or sp; but yours is a new one!
I'll assume that you meant to say pt, for printer's points.
To recover gracefully from this error, it's best to
delete the erroneous units; e.g., type `2' to delete
two letters. (See Chapter 27 of The TeXbook.)

/home/henrique/Dropbox/UEM-Mestrado/Pesquisa/Vignando-Dissertacao-2019/texto/_ontologia.tex:156: Misplaced \noalign.
\hline ->\noalign 
                  {\ifnum 0=`}\fi \let \hskip \vskip \let \vrule \hrule \let...
l.156 		\hline
              
I expect to see \noalign only after the \cr of
an alignment. Proceed, and I'll ignore this case.

/home/henrique/Dropbox/UEM-Mestrado/Pesquisa/Vignando-Dissertacao-2019/texto/_ontologia.tex:157: Misplaced alignment tab character &.
l.157 		\centering \textbf{Element} &
                                      \centering \textbf{Definition} \\ \hline
I can't figure out why you would want to use a tab mark
here. If you just want an ampersand, the remedy is
simple: Just type `I\&' now. But if some right brace
up above has ended a previous alignment prematurely,
you're probably due for more error messages, and you
might try typing `S' now just to see what is salvageable.

/home/henrique/Dropbox/UEM-Mestrado/Pesquisa/Vignando-Dissertacao-2019/texto/_ontologia.tex:157: Misplaced \noalign.
\hline ->\noalign 
                  {\ifnum 0=`}\fi \let \hskip \vskip \let \vrule \hrule \let...
l.157 ... \centering \textbf{Definition} \\ \hline
                                                  
I expect to see \noalign only after the \cr of
an alignment. Proceed, and I'll ignore this case.

/home/henrique/Dropbox/UEM-Mestrado/Pesquisa/Vignando-Dissertacao-2019/texto/_ontologia.tex:159: Misplaced alignment tab character &.
l.159 		Classes &
                  Abstract, Acknowledgments, Analysis, Appendices, Conclusio...
I can't figure out why you would want to use a tab mark
here. If you just want an ampersand, the remedy is
simple: Just type `I\&' now. But if some right brace
up above has ended a previous alignment prematurely,
you're probably due for more error messages, and you
might try typing `S' now just to see what is salvageable.

/home/henrique/Dropbox/UEM-Mestrado/Pesquisa/Vignando-Dissertacao-2019/texto/_ontologia.tex:159: Misplaced \noalign.
\hline ->\noalign 
                  {\ifnum 0=`}\fi \let \hskip \vskip \let \vrule \hrule \let...
l.159 ... TypeSelectioParticipantObjects \\ \hline
                                                  
I expect to see \noalign only after the \cr of
an alignment. Proceed, and I'll ignore this case.

/home/henrique/Dropbox/UEM-Mestrado/Pesquisa/Vignando-Dissertacao-2019/texto/_ontologia.tex:161: Misplaced alignment tab character &.
l.161 		Object Properties &
                            documentation, experiment, typeContextxperiment,...
I can't figure out why you would want to use a tab mark
here. If you just want an ampersand, the remedy is
simple: Just type `I\&' now. But if some right brace
up above has ended a previous alignment prematurely,
you're probably due for more error messages, and you
might try typing `S' now just to see what is salvageable.

/home/henrique/Dropbox/UEM-Mestrado/Pesquisa/Vignando-Dissertacao-2019/texto/_ontologia.tex:161: Misplaced \noalign.
\hline ->\noalign 
                  {\ifnum 0=`}\fi \let \hskip \vskip \let \vrule \hrule \let...
l.161 ...PL, typeSelectionOfParticipants \\ \hline
                                                  
I expect to see \noalign only after the \cr of
an alignment. Proceed, and I'll ignore this case.

/home/henrique/Dropbox/UEM-Mestrado/Pesquisa/Vignando-Dissertacao-2019/texto/_ontologia.tex:163: Misplaced alignment tab character &.
l.163 		Data \mbox{Properties} &
                                 idExperiment, title, authorship, publicatio...
I can't figure out why you would want to use a tab mark
here. If you just want an ampersand, the remedy is
simple: Just type `I\&' now. But if some right brace
up above has ended a previous alignment prematurely,
you're probably due for more error messages, and you
might try typing `S' now just to see what is salvageable.

/home/henrique/Dropbox/UEM-Mestrado/Pesquisa/Vignando-Dissertacao-2019/texto/_ontologia.tex:163: Misplaced \noalign.
\hline ->\noalign 
                  {\ifnum 0=`}\fi \let \hskip \vskip \let \vrule \hrule \let...
l.163 ...eInformed, url, isLinkAvailable \\ \hline
                                                  
I expect to see \noalign only after the \cr of
an alignment. Proceed, and I'll ignore this case.


/home/henrique/Dropbox/UEM-Mestrado/Pesquisa/Vignando-Dissertacao-2019/texto/_ontologia.tex:164: LaTeX Error: \begin{table} on input line 151 ended by \end{tabu}.

See the LaTeX manual or LaTeX Companion for explanation.
Type  H <return>  for immediate help.
 ...                                              
                                                  
l.164 	\end{tabu}
                 
Your command was ignored.
Type  I <command> <return>  to replace it with another command,
or  <return>  to continue without it.


LaTeX Warning: Reference `figure:class_defition_protege' on page 38 undefined on input line 168.


LaTeX Warning: No positions in optional float specifier.
               Default added (so using `!htb') on input line 170.

<figuras/entidades-protege.png, id=2027, 905.3825pt x 810.02625pt>
File: figuras/entidades-protege.png Graphic file (type png)
<use figuras/entidades-protege.png>
Package pdftex.def Info: figuras/entidades-protege.png  used on input line 172.
(pdftex.def)             Requested size: 271.61684pt x 243.00975pt.

LaTeX Warning: Reference `figure:object_prop_defition_protege' on page 38 undefined on input line 178.

[38 </home/henrique/Dropbox/UEM-Mestrado/Pesquisa/Vignando-Dissertacao-2019/figuras/class-diagram-ontology.png (PNG copy)>]
<figuras/entidades-protege-object-properties.png, id=2031, 920.43875pt x 841.1425pt>
File: figuras/entidades-protege-object-properties.png Graphic file (type png)
<use figuras/entidades-protege-object-properties.png>
Package pdftex.def Info: figuras/entidades-protege-object-properties.png  used on input line 182.
(pdftex.def)             Requested size: 284.52756pt x 260.0199pt.


LaTeX Warning: Reference `figure:data_prop_defition_protege' on page 39 undefined on input line 188.

<figuras/entidades-protege-data-properties.png, id=2032, 920.43875pt x 841.1425pt>
File: figuras/entidades-protege-data-properties.png Graphic file (type png)
<use figuras/entidades-protege-data-properties.png>
Package pdftex.def Info: figuras/entidades-protege-data-properties.png  used on input line 192.
(pdftex.def)             Requested size: 284.52756pt x 260.0199pt.

LaTeX Warning: Reference `figure:graph_ontology_model' on page 39 undefined on input line 199.


Package natbib Warning: Citation `lohmann2016visualizing' on page 39 undefined on input line 199.

[39 </home/henrique/Dropbox/UEM-Mestrado/Pesquisa/Vignando-Dissertacao-2019/figuras/entidades-protege.png>]
<figuras/ontology-populate-valid-owl-2.pdf, id=2036, 594.72188pt x 707.64375pt>
File: figuras/ontology-populate-valid-owl-2.pdf Graphic file (type pdf)
<use figuras/ontology-populate-valid-owl-2.pdf>
Package pdftex.def Info: figuras/ontology-populate-valid-owl-2.pdf  used on input line 203.
(pdftex.def)             Requested size: 284.52756pt x 338.54218pt.
 [40 </home/henrique/Dropbox/UEM-Mestrado/Pesquisa/Vignando-Dissertacao-2019/figuras/entidades-protege-object-properties.png>]

Package natbib Warning: Citation `PER-GRA:2007' on page 41 undefined on input line 217.


Package natbib Warning: Citation `mckinney-proc-scipy-2010' on page 41 undefined on input line 219.

[41 </home/henrique/Dropbox/UEM-Mestrado/Pesquisa/Vignando-Dissertacao-2019/figuras/entidades-protege-data-properties.png>] [42 </home/henrique/Dropbox/UEM-Mestrado/Pesquisa/Vignando-Dissertacao-2019/figuras/ontology-populate-valid-owl-2.pdf>] [43] [44] [45]
Overfull \hbox (86.26433pt too wide) in paragraph at lines 276--277
\OT1/cmr/m/n/12 PLE[]RANDOM[]SAMPLING, SYS-TE-MA-TIC[]SAMPLING, STRA-TI-FIED[]RANDOM[]SAMPLING,
 []


Overfull \hbox (145.38028pt too wide) in paragraph at lines 278--279
\OT1/cmr/m/n/12 [ONE[]FACTOR[]WITH[]TWO[]TREATMENTS, ONE[]FACTOR[]WITH[]MORE[]THAN[]TWO[]TREATMENTS,
 []


Overfull \hbox (200.03053pt too wide) in paragraph at lines 278--279
\OT1/cmr/m/n/12 TWO[]FACTORS[]WITH[]TWO[]TREATMENTS, MORE[]THAN[]TWO[]FACTORS[]EACH[]WITH[]TWO[]TREATMENTS]
 []

[46] (/usr/share/texlive/texmf-dist/tex/latex/listings/lstlang1.sty
File: lstlang1.sty 2015/06/04 1.6 listings language file
) [47]
Overfull \hbox (26.03435pt too wide) in paragraph at lines 320--321
[]\OT1/cmr/m/n/12 O m^^Setodo re-gis-tre-Ex-pe-ri-ment-Com-mons re-cebe uma inst^ancia tanto de onto.ExperimentSPL
 []


Overfull \hbox (73.7532pt too wide) in paragraph at lines 322--323
\OT1/cmr/m/n/12 ning-Com-mons e re-torna uma inst^ancia de in-div^^S^^Pduo da on-to-lo-gia da classe onto.ExperimentPlanningSPL. 
 []


Overfull \hbox (29.69531pt too wide) in paragraph at lines 324--325
\OT1/cmr/m/n/12 Com-mons e re-torna uma inst^ancia de in-div^^S^^Pduo da on-to-lo-gia da classe onto.ExperimentPlanning. 
 []


Overfull \hbox (117.74452pt too wide) in paragraph at lines 326--327
[]\OT1/cmr/m/n/12 O m^^Setodo re-gis-tre-Ex-pe-ri-ment-Plan-ning-Com-mons re-cebe uma inst^ancia tanto de onto.ExperimentPlanningSPL
 []


Overfull \hbox (13.37059pt too wide) in paragraph at lines 332--333
[]\OT1/cmr/m/n/12 O m^^Setodo re-gis-tre-Dis-cus-si-on-Com-mons re-cebe uma inst^ancia tanto de onto.DiscussionSPL
 []

[48]

LaTeX Warning: Reference `lst:stap-validation' on page 49 undefined on input line 339.


LaTeX Warning: Reference `code:...' on page 49 undefined on input line 350.

<figuras/filter-in-ontology-path.png, id=2075, 418.56375pt x 499.8675pt>
File: figuras/filter-in-ontology-path.png Graphic file (type png)
<use figuras/filter-in-ontology-path.png>
Package pdftex.def Info: figuras/filter-in-ontology-path.png  used on input line 356.
(pdftex.def)             Requested size: 184.9429pt x 220.86528pt.

LaTeX Warning: Reference `figure:graph_path_to_recomendation' on page 49 undefined on input line 361.

[49] [50 </home/henrique/Dropbox/UEM-Mestrado/Pesquisa/Vignando-Dissertacao-2019/figuras/filter-in-ontology-path.png>] [51] [52] [53]) [54] [55] [56]
\openout2 = `texto/_avalicao_da_ontologia.aux'.

 (/home/henrique/Dropbox/UEM-Mestrado/Pesquisa/Vignando-Dissertacao-2019/texto/_avalicao_da_ontologia.tex
Cap\'{\i }tulo 4.
) [57



]
\openout2 = `texto/_melhorias.aux'.

 (/home/henrique/Dropbox/UEM-Mestrado/Pesquisa/Vignando-Dissertacao-2019/texto/_melhorias.tex
Cap\'{\i }tulo 5.
) [58



]
\openout2 = `texto/_conclusao.aux'.

 (/home/henrique/Dropbox/UEM-Mestrado/Pesquisa/Vignando-Dissertacao-2019/texto/_conclusao.tex
Cap\'{\i }tulo 6.
[59



]) [60]
No file main_utf8.bbl.
\openout2 = `texto/apendice_a.aux'.

(/home/henrique/Dropbox/UEM-Mestrado/Pesquisa/Vignando-Dissertacao-2019/texto/apendice_a.tex
Ap\^endice A.
) [61



]
\openout2 = `texto/apendice_b.aux'.

 (/home/henrique/Dropbox/UEM-Mestrado/Pesquisa/Vignando-Dissertacao-2019/texto/apendice_b.tex
Ap\^endice B.
) [62



]
\openout2 = `texto/apendice_c.aux'.

 (/home/henrique/Dropbox/UEM-Mestrado/Pesquisa/Vignando-Dissertacao-2019/texto/apendice_c.tex
Ap\^endice C.
) [63



]
\openout2 = `texto/apendice_d.aux'.

 (/home/henrique/Dropbox/UEM-Mestrado/Pesquisa/Vignando-Dissertacao-2019/texto/apendice_d.tex
Ap\^endice D.
) [64



]

Package natbib Warning: There were undefined citations.

(/home/henrique/Dropbox/UEM-Mestrado/Pesquisa/Vignando-Dissertacao-2019/main_utf8.aux (/home/henrique/Dropbox/UEM-Mestrado/Pesquisa/Vignando-Dissertacao-2019/texto/_resumo.aux) (/home/henrique/Dropbox/UEM-Mestrado/Pesquisa/Vignando-Dissertacao-2019/texto/_abstract.aux) (/home/henrique/Dropbox/UEM-Mestrado/Pesquisa/Vignando-Dissertacao-2019/texto/_abreviaturas.aux) (/home/henrique/Dropbox/UEM-Mestrado/Pesquisa/Vignando-Dissertacao-2019/texto/_introducao.aux) (/home/henrique/Dropbox/UEM-Mestrado/Pesquisa/Vignando-Dissertacao-2019/texto/_fundamentacao_teorica.aux) (/home/henrique/Dropbox/UEM-Mestrado/Pesquisa/Vignando-Dissertacao-2019/texto/_ontologia.aux) (/home/henrique/Dropbox/UEM-Mestrado/Pesquisa/Vignando-Dissertacao-2019/texto/_avalicao_da_ontologia.aux) (/home/henrique/Dropbox/UEM-Mestrado/Pesquisa/Vignando-Dissertacao-2019/texto/_melhorias.aux) (/home/henrique/Dropbox/UEM-Mestrado/Pesquisa/Vignando-Dissertacao-2019/texto/_conclusao.aux) (/home/henrique/Dropbox/UEM-Mestrado/Pesquisa/Vignando-Dissertacao-2019/texto/apendice_a.aux) (/home/henrique/Dropbox/UEM-Mestrado/Pesquisa/Vignando-Dissertacao-2019/texto/apendice_b.aux) (/home/henrique/Dropbox/UEM-Mestrado/Pesquisa/Vignando-Dissertacao-2019/texto/apendice_c.aux) (/home/henrique/Dropbox/UEM-Mestrado/Pesquisa/Vignando-Dissertacao-2019/texto/apendice_d.aux))

LaTeX Font Warning: Some font shapes were not available, defaults substituted.


LaTeX Warning: There were undefined references.


LaTeX Warning: Label(s) may have changed. Rerun to get cross-references right.

 )
(\end occurred inside a group at level 1)

### semi simple group (level 1) entered at line 350 (\begingroup)
### bottom level 
Here is how much of TeX's memory you used:
 9352 strings out of 492982
 132717 string characters out of 6134896
 251763 words of memory out of 5000000
 12577 multiletter control sequences out of 15000+600000
 20226 words of font info for 76 fonts, out of 8000000 for 9000
 1147 hyphenation exceptions out of 8191
 42i,17n,76p,2886b,1446s stack positions out of 5000i,500n,10000p,200000b,80000s
</usr/share/texlive/texmf-dist/fonts/type1/public/amsfonts/cm/cmbx12.pfb></usr/share/texlive/texmf-dist/fonts/type1/public/amsfonts/cm/cmbxti10.pfb></usr/share/texlive/texmf-dist/fonts/type1/public/amsfonts/cm/cmmi12.pfb></usr/share/texlive/texmf-dist/fonts/type1/public/amsfonts/cm/cmmi8.pfb></usr/share/texlive/texmf-dist/fonts/type1/public/amsfonts/cm/cmr10.pfb></usr/share/texlive/texmf-dist/fonts/type1/public/amsfonts/cm/cmr12.pfb></usr/share/texlive/texmf-dist/fonts/type1/public/amsfonts/cm/cmr17.pfb></usr/share/texlive/texmf-dist/fonts/type1/public/amsfonts/cm/cmr7.pfb></usr/share/texlive/texmf-dist/fonts/type1/public/amsfonts/cm/cmr8.pfb></usr/share/texlive/texmf-dist/fonts/type1/public/amsfonts/cm/cmssbx10.pfb></usr/share/texlive/texmf-dist/fonts/type1/public/amsfonts/cm/cmssi17.pfb></usr/share/texlive/texmf-dist/fonts/type1/public/amsfonts/cm/cmsy10.pfb></usr/share/texlive/texmf-dist/fonts/type1/public/amsfonts/cm/cmsy8.pfb></usr/share/texlive/texmf-dist/fonts/type1/public/amsfonts/cm/cmti10.pfb></usr/share/texlive/texmf-dist/fonts/type1/public/amsfonts/cm/cmti12.pfb></usr/share/texlive/texmf-dist/fonts/type1/public/amsfonts/cm/cmtt12.pfb>
Output written on /home/henrique/Dropbox/UEM-Mestrado/Pesquisa/Vignando-Dissertacao-2019/main_utf8.pdf (65 pages, 3542544 bytes).
PDF statistics:
 2181 PDF objects out of 2487 (max. 8388607)
 1440 compressed objects within 15 object streams
 0 named destinations out of 1000 (max. 500000)
 86 words of extra memory for PDF output out of 10000 (max. 10000000)

